{"C:\\Users\\Giulio\\Desktop\\ing software\\doc\\Documentazione_D4\\JustCook\\app.js": {"path":"C:\\Users\\Giulio\\Desktop\\ing software\\doc\\Documentazione_D4\\JustCook\\app.js","statementMap":{"0":{"start":{"line":1,"column":0},"end":{"line":1,"column":26}},"1":{"start":{"line":2,"column":16},"end":{"line":2,"column":34}},"2":{"start":{"line":3,"column":12},"end":{"line":3,"column":21}},"3":{"start":{"line":5,"column":13},"end":{"line":5,"column":28}},"4":{"start":{"line":6,"column":23},"end":{"line":6,"column":62}},"5":{"start":{"line":7,"column":21},"end":{"line":7,"column":58}},"6":{"start":{"line":11,"column":22},"end":{"line":11,"column":49}},"7":{"start":{"line":12,"column":22},"end":{"line":12,"column":49}},"8":{"start":{"line":13,"column":28},"end":{"line":13,"column":61}},"9":{"start":{"line":14,"column":26},"end":{"line":14,"column":57}},"10":{"start":{"line":15,"column":23},"end":{"line":15,"column":51}},"11":{"start":{"line":16,"column":19},"end":{"line":16,"column":53}},"12":{"start":{"line":19,"column":18},"end":{"line":19,"column":47}},"13":{"start":{"line":20,"column":24},"end":{"line":20,"column":49}},"14":{"start":{"line":23,"column":0},"end":{"line":23,"column":16}},"15":{"start":{"line":25,"column":0},"end":{"line":25,"column":24}},"16":{"start":{"line":26,"column":0},"end":{"line":26,"column":48}},"17":{"start":{"line":29,"column":0},"end":{"line":29,"column":25}},"18":{"start":{"line":30,"column":0},"end":{"line":30,"column":28}},"19":{"start":{"line":31,"column":0},"end":{"line":31,"column":28}},"20":{"start":{"line":32,"column":0},"end":{"line":32,"column":34}},"21":{"start":{"line":33,"column":0},"end":{"line":33,"column":29}},"22":{"start":{"line":34,"column":0},"end":{"line":34,"column":32}},"23":{"start":{"line":36,"column":0},"end":{"line":36,"column":72}},"24":{"start":{"line":39,"column":0},"end":{"line":39,"column":21}}},"fnMap":{},"branchMap":{},"s":{"0":5,"1":5,"2":5,"3":5,"4":5,"5":5,"6":5,"7":5,"8":5,"9":5,"10":5,"11":5,"12":5,"13":5,"14":5,"15":5,"16":5,"17":5,"18":5,"19":5,"20":5,"21":5,"22":5,"23":5,"24":5},"f":{},"b":{},"_coverageSchema":"1a1c01bbd47fc00a2c39e90264f33305004495a9","hash":"50b94a7512c7e8b057d0a3910f652689790a6d56"}
,"C:\\Users\\Giulio\\Desktop\\ing software\\doc\\Documentazione_D4\\JustCook\\controllers\\account.js": {"path":"C:\\Users\\Giulio\\Desktop\\ing software\\doc\\Documentazione_D4\\JustCook\\controllers\\account.js","statementMap":{"0":{"start":{"line":1,"column":16},"end":{"line":1,"column":44}},"1":{"start":{"line":2,"column":16},"end":{"line":2,"column":44}},"2":{"start":{"line":3,"column":22},"end":{"line":3,"column":56}},"3":{"start":{"line":4,"column":17},"end":{"line":4,"column":46}},"4":{"start":{"line":5,"column":17},"end":{"line":5,"column":36}},"5":{"start":{"line":8,"column":28},"end":{"line":66,"column":1}},"6":{"start":{"line":10,"column":22},"end":{"line":10,"column":38}},"7":{"start":{"line":11,"column":24},"end":{"line":11,"column":39}},"8":{"start":{"line":12,"column":22},"end":{"line":12,"column":38}},"9":{"start":{"line":15,"column":4},"end":{"line":62,"column":6}},"10":{"start":{"line":18,"column":8},"end":{"line":59,"column":9}},"11":{"start":{"line":19,"column":12},"end":{"line":19,"column":30}},"12":{"start":{"line":20,"column":12},"end":{"line":20,"column":110}},"13":{"start":{"line":22,"column":12},"end":{"line":57,"column":13}},"14":{"start":{"line":23,"column":16},"end":{"line":23,"column":112}},"15":{"start":{"line":26,"column":33},"end":{"line":26,"column":66}},"16":{"start":{"line":29,"column":16},"end":{"line":56,"column":18}},"17":{"start":{"line":31,"column":20},"end":{"line":52,"column":21}},"18":{"start":{"line":32,"column":24},"end":{"line":32,"column":42}},"19":{"start":{"line":33,"column":24},"end":{"line":33,"column":122}},"20":{"start":{"line":35,"column":24},"end":{"line":51,"column":110}},"21":{"start":{"line":37,"column":28},"end":{"line":48,"column":30}},"22":{"start":{"line":40,"column":32},"end":{"line":45,"column":33}},"23":{"start":{"line":41,"column":36},"end":{"line":41,"column":54}},"24":{"start":{"line":42,"column":36},"end":{"line":42,"column":112}},"25":{"start":{"line":44,"column":36},"end":{"line":44,"column":111}},"26":{"start":{"line":51,"column":28},"end":{"line":51,"column":110}},"27":{"start":{"line":69,"column":24},"end":{"line":184,"column":1}},"28":{"start":{"line":71,"column":22},"end":{"line":71,"column":38}},"29":{"start":{"line":72,"column":24},"end":{"line":72,"column":39}},"30":{"start":{"line":73,"column":22},"end":{"line":73,"column":38}},"31":{"start":{"line":76,"column":4},"end":{"line":183,"column":6}},"32":{"start":{"line":82,"column":8},"end":{"line":181,"column":9}},"33":{"start":{"line":83,"column":12},"end":{"line":83,"column":30}},"34":{"start":{"line":84,"column":12},"end":{"line":84,"column":125}},"35":{"start":{"line":86,"column":12},"end":{"line":180,"column":13}},"36":{"start":{"line":87,"column":16},"end":{"line":87,"column":112}},"37":{"start":{"line":90,"column":16},"end":{"line":90,"column":44}},"38":{"start":{"line":91,"column":33},"end":{"line":91,"column":73}},"39":{"start":{"line":94,"column":16},"end":{"line":179,"column":19}},"40":{"start":{"line":103,"column":20},"end":{"line":178,"column":21}},"41":{"start":{"line":104,"column":24},"end":{"line":104,"column":42}},"42":{"start":{"line":105,"column":24},"end":{"line":105,"column":137}},"43":{"start":{"line":107,"column":24},"end":{"line":107,"column":46}},"44":{"start":{"line":113,"column":53},"end":{"line":113,"column":57}},"45":{"start":{"line":114,"column":44},"end":{"line":114,"column":69}},"46":{"start":{"line":115,"column":47},"end":{"line":115,"column":75}},"47":{"start":{"line":116,"column":24},"end":{"line":116,"column":60}},"48":{"start":{"line":118,"column":24},"end":{"line":143,"column":25}},"49":{"start":{"line":118,"column":36},"end":{"line":118,"column":37}},"50":{"start":{"line":119,"column":43},"end":{"line":119,"column":47}},"51":{"start":{"line":120,"column":36},"end":{"line":120,"column":37}},"52":{"start":{"line":121,"column":28},"end":{"line":124,"column":29}},"53":{"start":{"line":122,"column":32},"end":{"line":123,"column":52}},"54":{"start":{"line":123,"column":36},"end":{"line":123,"column":52}},"55":{"start":{"line":125,"column":28},"end":{"line":125,"column":31}},"56":{"start":{"line":127,"column":28},"end":{"line":142,"column":29}},"57":{"start":{"line":129,"column":32},"end":{"line":129,"column":62}},"58":{"start":{"line":132,"column":32},"end":{"line":141,"column":33}},"59":{"start":{"line":133,"column":36},"end":{"line":133,"column":67}},"60":{"start":{"line":136,"column":36},"end":{"line":136,"column":109}},"61":{"start":{"line":137,"column":36},"end":{"line":140,"column":37}},"62":{"start":{"line":138,"column":40},"end":{"line":138,"column":66}},"63":{"start":{"line":139,"column":40},"end":{"line":139,"column":69}},"64":{"start":{"line":145,"column":24},"end":{"line":175,"column":126}},"65":{"start":{"line":147,"column":28},"end":{"line":172,"column":31}},"66":{"start":{"line":150,"column":32},"end":{"line":170,"column":33}},"67":{"start":{"line":151,"column":36},"end":{"line":151,"column":54}},"68":{"start":{"line":152,"column":36},"end":{"line":152,"column":135}},"69":{"start":{"line":154,"column":36},"end":{"line":169,"column":37}},"70":{"start":{"line":155,"column":40},"end":{"line":155,"column":101}},"71":{"start":{"line":158,"column":40},"end":{"line":168,"column":43}},"72":{"start":{"line":162,"column":44},"end":{"line":167,"column":45}},"73":{"start":{"line":163,"column":48},"end":{"line":163,"column":66}},"74":{"start":{"line":164,"column":48},"end":{"line":164,"column":162}},"75":{"start":{"line":166,"column":48},"end":{"line":166,"column":137}},"76":{"start":{"line":175,"column":28},"end":{"line":175,"column":126}},"77":{"start":{"line":188,"column":26},"end":{"line":224,"column":1}},"78":{"start":{"line":190,"column":22},"end":{"line":190,"column":38}},"79":{"start":{"line":191,"column":24},"end":{"line":191,"column":39}},"80":{"start":{"line":192,"column":22},"end":{"line":192,"column":38}},"81":{"start":{"line":195,"column":4},"end":{"line":223,"column":6}},"82":{"start":{"line":198,"column":8},"end":{"line":220,"column":9}},"83":{"start":{"line":199,"column":12},"end":{"line":199,"column":30}},"84":{"start":{"line":200,"column":12},"end":{"line":200,"column":116}},"85":{"start":{"line":202,"column":12},"end":{"line":202,"column":29}},"86":{"start":{"line":203,"column":12},"end":{"line":219,"column":13}},"87":{"start":{"line":204,"column":16},"end":{"line":204,"column":110}},"88":{"start":{"line":206,"column":25},"end":{"line":206,"column":58}},"89":{"start":{"line":207,"column":16},"end":{"line":218,"column":18}},"90":{"start":{"line":209,"column":20},"end":{"line":209,"column":40}},"91":{"start":{"line":210,"column":20},"end":{"line":215,"column":21}},"92":{"start":{"line":211,"column":24},"end":{"line":211,"column":42}},"93":{"start":{"line":212,"column":24},"end":{"line":212,"column":130}},"94":{"start":{"line":214,"column":24},"end":{"line":214,"column":97}},"95":{"start":{"line":226,"column":23},"end":{"line":281,"column":1}},"96":{"start":{"line":227,"column":22},"end":{"line":227,"column":38}},"97":{"start":{"line":228,"column":24},"end":{"line":228,"column":39}},"98":{"start":{"line":229,"column":22},"end":{"line":229,"column":38}},"99":{"start":{"line":230,"column":17},"end":{"line":230,"column":32}},"100":{"start":{"line":232,"column":4},"end":{"line":280,"column":5}},"101":{"start":{"line":233,"column":8},"end":{"line":233,"column":74}},"102":{"start":{"line":236,"column":8},"end":{"line":278,"column":10}},"103":{"start":{"line":238,"column":16},"end":{"line":276,"column":17}},"104":{"start":{"line":239,"column":20},"end":{"line":239,"column":124}},"105":{"start":{"line":241,"column":20},"end":{"line":273,"column":21}},"106":{"start":{"line":243,"column":24},"end":{"line":243,"column":115}},"107":{"start":{"line":247,"column":41},"end":{"line":247,"column":74}},"108":{"start":{"line":248,"column":24},"end":{"line":248,"column":41}},"109":{"start":{"line":249,"column":24},"end":{"line":272,"column":26}},"110":{"start":{"line":252,"column":28},"end":{"line":270,"column":29}},"111":{"start":{"line":253,"column":32},"end":{"line":253,"column":136}},"112":{"start":{"line":255,"column":32},"end":{"line":269,"column":124}},"113":{"start":{"line":256,"column":36},"end":{"line":267,"column":38}},"114":{"start":{"line":258,"column":44},"end":{"line":258,"column":64}},"115":{"start":{"line":259,"column":44},"end":{"line":264,"column":45}},"116":{"start":{"line":260,"column":48},"end":{"line":260,"column":66}},"117":{"start":{"line":261,"column":48},"end":{"line":261,"column":151}},"118":{"start":{"line":263,"column":48},"end":{"line":263,"column":115}},"119":{"start":{"line":269,"column":36},"end":{"line":269,"column":124}},"120":{"start":{"line":283,"column":33},"end":{"line":316,"column":1}},"121":{"start":{"line":284,"column":22},"end":{"line":284,"column":39}},"122":{"start":{"line":285,"column":24},"end":{"line":285,"column":40}},"123":{"start":{"line":286,"column":22},"end":{"line":286,"column":39}},"124":{"start":{"line":288,"column":4},"end":{"line":315,"column":6}},"125":{"start":{"line":290,"column":12},"end":{"line":312,"column":13}},"126":{"start":{"line":291,"column":16},"end":{"line":291,"column":46}},"127":{"start":{"line":293,"column":33},"end":{"line":293,"column":66}},"128":{"start":{"line":294,"column":16},"end":{"line":311,"column":18}},"129":{"start":{"line":296,"column":20},"end":{"line":309,"column":21}},"130":{"start":{"line":297,"column":24},"end":{"line":297,"column":55}},"131":{"start":{"line":299,"column":50},"end":{"line":299,"column":54}},"132":{"start":{"line":301,"column":24},"end":{"line":306,"column":25}},"133":{"start":{"line":302,"column":28},"end":{"line":305,"column":29}},"134":{"start":{"line":303,"column":32},"end":{"line":303,"column":48}},"135":{"start":{"line":304,"column":32},"end":{"line":304,"column":73}},"136":{"start":{"line":308,"column":24},"end":{"line":308,"column":62}},"137":{"start":{"line":319,"column":16},"end":{"line":328,"column":1}},"138":{"start":{"line":320,"column":15},"end":{"line":320,"column":40}},"139":{"start":{"line":321,"column":4},"end":{"line":321,"column":70}},"140":{"start":{"line":321,"column":14},"end":{"line":321,"column":70}},"141":{"start":{"line":322,"column":4},"end":{"line":326,"column":7}},"142":{"start":{"line":323,"column":8},"end":{"line":323,"column":84}},"143":{"start":{"line":323,"column":28},"end":{"line":323,"column":84}},"144":{"start":{"line":324,"column":9},"end":{"line":324,"column":49}},"145":{"start":{"line":332,"column":22},"end":{"line":352,"column":1}},"146":{"start":{"line":334,"column":15},"end":{"line":334,"column":40}},"147":{"start":{"line":335,"column":19},"end":{"line":335,"column":38}},"148":{"start":{"line":337,"column":4},"end":{"line":337,"column":85}},"149":{"start":{"line":337,"column":18},"end":{"line":337,"column":85}},"150":{"start":{"line":339,"column":22},"end":{"line":339,"column":98}},"151":{"start":{"line":341,"column":4},"end":{"line":341,"column":102}},"152":{"start":{"line":341,"column":37},"end":{"line":341,"column":102}},"153":{"start":{"line":343,"column":4},"end":{"line":351,"column":6}},"154":{"start":{"line":344,"column":8},"end":{"line":344,"column":80}},"155":{"start":{"line":344,"column":17},"end":{"line":344,"column":80}},"156":{"start":{"line":345,"column":8},"end":{"line":345,"column":36}},"157":{"start":{"line":346,"column":8},"end":{"line":350,"column":10}},"158":{"start":{"line":347,"column":12},"end":{"line":347,"column":84}},"159":{"start":{"line":347,"column":21},"end":{"line":347,"column":84}},"160":{"start":{"line":348,"column":12},"end":{"line":348,"column":27}},"161":{"start":{"line":354,"column":0},"end":{"line":362,"column":2}}},"fnMap":{"0":{"name":"(anonymous_0)","decl":{"start":{"line":8,"column":28},"end":{"line":8,"column":29}},"loc":{"start":{"line":8,"column":42},"end":{"line":66,"column":1}},"line":8},"1":{"name":"(anonymous_1)","decl":{"start":{"line":16,"column":6},"end":{"line":16,"column":7}},"loc":{"start":{"line":16,"column":23},"end":{"line":61,"column":5}},"line":16},"2":{"name":"(anonymous_2)","decl":{"start":{"line":30,"column":18},"end":{"line":30,"column":19}},"loc":{"start":{"line":30,"column":35},"end":{"line":54,"column":17}},"line":30},"3":{"name":"(anonymous_3)","decl":{"start":{"line":39,"column":30},"end":{"line":39,"column":31}},"loc":{"start":{"line":39,"column":41},"end":{"line":47,"column":29}},"line":39},"4":{"name":"(anonymous_4)","decl":{"start":{"line":69,"column":24},"end":{"line":69,"column":25}},"loc":{"start":{"line":69,"column":38},"end":{"line":184,"column":1}},"line":69},"5":{"name":"(anonymous_5)","decl":{"start":{"line":81,"column":7},"end":{"line":81,"column":8}},"loc":{"start":{"line":81,"column":31},"end":{"line":182,"column":5}},"line":81},"6":{"name":"(anonymous_6)","decl":{"start":{"line":100,"column":18},"end":{"line":100,"column":19}},"loc":{"start":{"line":100,"column":39},"end":{"line":179,"column":17}},"line":100},"7":{"name":"(anonymous_7)","decl":{"start":{"line":149,"column":30},"end":{"line":149,"column":31}},"loc":{"start":{"line":149,"column":47},"end":{"line":172,"column":29}},"line":149},"8":{"name":"(anonymous_8)","decl":{"start":{"line":161,"column":42},"end":{"line":161,"column":43}},"loc":{"start":{"line":161,"column":53},"end":{"line":168,"column":41}},"line":161},"9":{"name":"(anonymous_9)","decl":{"start":{"line":188,"column":26},"end":{"line":188,"column":27}},"loc":{"start":{"line":188,"column":40},"end":{"line":224,"column":1}},"line":188},"10":{"name":"(anonymous_10)","decl":{"start":{"line":196,"column":6},"end":{"line":196,"column":7}},"loc":{"start":{"line":196,"column":23},"end":{"line":222,"column":5}},"line":196},"11":{"name":"(anonymous_11)","decl":{"start":{"line":208,"column":18},"end":{"line":208,"column":19}},"loc":{"start":{"line":208,"column":38},"end":{"line":217,"column":17}},"line":208},"12":{"name":"(anonymous_12)","decl":{"start":{"line":226,"column":23},"end":{"line":226,"column":24}},"loc":{"start":{"line":226,"column":37},"end":{"line":281,"column":1}},"line":226},"13":{"name":"(anonymous_13)","decl":{"start":{"line":237,"column":14},"end":{"line":237,"column":15}},"loc":{"start":{"line":237,"column":31},"end":{"line":277,"column":13}},"line":237},"14":{"name":"(anonymous_14)","decl":{"start":{"line":251,"column":26},"end":{"line":251,"column":27}},"loc":{"start":{"line":251,"column":43},"end":{"line":271,"column":25}},"line":251},"15":{"name":"(anonymous_15)","decl":{"start":{"line":257,"column":42},"end":{"line":257,"column":43}},"loc":{"start":{"line":257,"column":62},"end":{"line":266,"column":41}},"line":257},"16":{"name":"(anonymous_16)","decl":{"start":{"line":283,"column":33},"end":{"line":283,"column":34}},"loc":{"start":{"line":283,"column":47},"end":{"line":316,"column":1}},"line":283},"17":{"name":"(anonymous_17)","decl":{"start":{"line":289,"column":10},"end":{"line":289,"column":11}},"loc":{"start":{"line":289,"column":27},"end":{"line":313,"column":9}},"line":289},"18":{"name":"(anonymous_18)","decl":{"start":{"line":295,"column":17},"end":{"line":295,"column":18}},"loc":{"start":{"line":295,"column":33},"end":{"line":310,"column":17}},"line":295},"19":{"name":"(anonymous_19)","decl":{"start":{"line":319,"column":16},"end":{"line":319,"column":17}},"loc":{"start":{"line":319,"column":30},"end":{"line":328,"column":1}},"line":319},"20":{"name":"(anonymous_20)","decl":{"start":{"line":322,"column":44},"end":{"line":322,"column":45}},"loc":{"start":{"line":322,"column":61},"end":{"line":326,"column":5}},"line":322},"21":{"name":"(anonymous_21)","decl":{"start":{"line":332,"column":22},"end":{"line":332,"column":23}},"loc":{"start":{"line":332,"column":36},"end":{"line":352,"column":1}},"line":332},"22":{"name":"(anonymous_22)","decl":{"start":{"line":343,"column":44},"end":{"line":343,"column":45}},"loc":{"start":{"line":343,"column":61},"end":{"line":351,"column":4}},"line":343},"23":{"name":"(anonymous_23)","decl":{"start":{"line":346,"column":21},"end":{"line":346,"column":22}},"loc":{"start":{"line":346,"column":36},"end":{"line":350,"column":8}},"line":346}},"branchMap":{"0":{"loc":{"start":{"line":18,"column":8},"end":{"line":59,"column":9}},"type":"if","locations":[{"start":{"line":18,"column":8},"end":{"line":59,"column":9}},{"start":{"line":21,"column":13},"end":{"line":59,"column":9}}],"line":18},"1":{"loc":{"start":{"line":22,"column":12},"end":{"line":57,"column":13}},"type":"if","locations":[{"start":{"line":22,"column":12},"end":{"line":57,"column":13}},{"start":{"line":25,"column":17},"end":{"line":57,"column":13}}],"line":22},"2":{"loc":{"start":{"line":31,"column":20},"end":{"line":52,"column":21}},"type":"if","locations":[{"start":{"line":31,"column":20},"end":{"line":52,"column":21}},{"start":{"line":34,"column":25},"end":{"line":52,"column":21}}],"line":31},"3":{"loc":{"start":{"line":35,"column":24},"end":{"line":51,"column":110}},"type":"if","locations":[{"start":{"line":35,"column":24},"end":{"line":51,"column":110}},{"start":{"line":51,"column":28},"end":{"line":51,"column":110}}],"line":35},"4":{"loc":{"start":{"line":40,"column":32},"end":{"line":45,"column":33}},"type":"if","locations":[{"start":{"line":40,"column":32},"end":{"line":45,"column":33}},{"start":{"line":43,"column":37},"end":{"line":45,"column":33}}],"line":40},"5":{"loc":{"start":{"line":82,"column":8},"end":{"line":181,"column":9}},"type":"if","locations":[{"start":{"line":82,"column":8},"end":{"line":181,"column":9}},{"start":{"line":85,"column":13},"end":{"line":181,"column":9}}],"line":82},"6":{"loc":{"start":{"line":86,"column":12},"end":{"line":180,"column":13}},"type":"if","locations":[{"start":{"line":86,"column":12},"end":{"line":180,"column":13}},{"start":{"line":88,"column":16},"end":{"line":180,"column":13}}],"line":86},"7":{"loc":{"start":{"line":103,"column":20},"end":{"line":178,"column":21}},"type":"if","locations":[{"start":{"line":103,"column":20},"end":{"line":178,"column":21}},{"start":{"line":106,"column":25},"end":{"line":178,"column":21}}],"line":103},"8":{"loc":{"start":{"line":118,"column":39},"end":{"line":118,"column":99}},"type":"binary-expr","locations":[{"start":{"line":118,"column":39},"end":{"line":118,"column":61}},{"start":{"line":118,"column":65},"end":{"line":118,"column":99}}],"line":118},"9":{"loc":{"start":{"line":121,"column":39},"end":{"line":121,"column":90}},"type":"binary-expr","locations":[{"start":{"line":121,"column":39},"end":{"line":121,"column":47}},{"start":{"line":121,"column":51},"end":{"line":121,"column":90}}],"line":121},"10":{"loc":{"start":{"line":122,"column":32},"end":{"line":123,"column":52}},"type":"if","locations":[{"start":{"line":122,"column":32},"end":{"line":123,"column":52}},{"start":{},"end":{}}],"line":122},"11":{"loc":{"start":{"line":127,"column":28},"end":{"line":142,"column":29}},"type":"if","locations":[{"start":{"line":127,"column":28},"end":{"line":142,"column":29}},{"start":{"line":130,"column":33},"end":{"line":142,"column":29}}],"line":127},"12":{"loc":{"start":{"line":132,"column":32},"end":{"line":141,"column":33}},"type":"if","locations":[{"start":{"line":132,"column":32},"end":{"line":141,"column":33}},{"start":{"line":134,"column":36},"end":{"line":141,"column":33}}],"line":132},"13":{"loc":{"start":{"line":137,"column":36},"end":{"line":140,"column":37}},"type":"if","locations":[{"start":{"line":137,"column":36},"end":{"line":140,"column":37}},{"start":{},"end":{}}],"line":137},"14":{"loc":{"start":{"line":145,"column":24},"end":{"line":175,"column":126}},"type":"if","locations":[{"start":{"line":145,"column":24},"end":{"line":175,"column":126}},{"start":{"line":175,"column":28},"end":{"line":175,"column":126}}],"line":145},"15":{"loc":{"start":{"line":150,"column":32},"end":{"line":170,"column":33}},"type":"if","locations":[{"start":{"line":150,"column":32},"end":{"line":170,"column":33}},{"start":{"line":153,"column":37},"end":{"line":170,"column":33}}],"line":150},"16":{"loc":{"start":{"line":154,"column":36},"end":{"line":169,"column":37}},"type":"if","locations":[{"start":{"line":154,"column":36},"end":{"line":169,"column":37}},{"start":{"line":156,"column":40},"end":{"line":169,"column":37}}],"line":154},"17":{"loc":{"start":{"line":162,"column":44},"end":{"line":167,"column":45}},"type":"if","locations":[{"start":{"line":162,"column":44},"end":{"line":167,"column":45}},{"start":{"line":165,"column":49},"end":{"line":167,"column":45}}],"line":162},"18":{"loc":{"start":{"line":198,"column":8},"end":{"line":220,"column":9}},"type":"if","locations":[{"start":{"line":198,"column":8},"end":{"line":220,"column":9}},{"start":{"line":201,"column":13},"end":{"line":220,"column":9}}],"line":198},"19":{"loc":{"start":{"line":203,"column":12},"end":{"line":219,"column":13}},"type":"if","locations":[{"start":{"line":203,"column":12},"end":{"line":219,"column":13}},{"start":{"line":205,"column":17},"end":{"line":219,"column":13}}],"line":203},"20":{"loc":{"start":{"line":210,"column":20},"end":{"line":215,"column":21}},"type":"if","locations":[{"start":{"line":210,"column":20},"end":{"line":215,"column":21}},{"start":{"line":213,"column":25},"end":{"line":215,"column":21}}],"line":210},"21":{"loc":{"start":{"line":232,"column":4},"end":{"line":280,"column":5}},"type":"if","locations":[{"start":{"line":232,"column":4},"end":{"line":280,"column":5}},{"start":{"line":234,"column":8},"end":{"line":280,"column":5}}],"line":232},"22":{"loc":{"start":{"line":232,"column":7},"end":{"line":232,"column":54}},"type":"binary-expr","locations":[{"start":{"line":232,"column":7},"end":{"line":232,"column":17}},{"start":{"line":232,"column":21},"end":{"line":232,"column":31}},{"start":{"line":232,"column":35},"end":{"line":232,"column":54}}],"line":232},"23":{"loc":{"start":{"line":238,"column":16},"end":{"line":276,"column":17}},"type":"if","locations":[{"start":{"line":238,"column":16},"end":{"line":276,"column":17}},{"start":{"line":240,"column":21},"end":{"line":276,"column":17}}],"line":238},"24":{"loc":{"start":{"line":241,"column":20},"end":{"line":273,"column":21}},"type":"if","locations":[{"start":{"line":241,"column":20},"end":{"line":273,"column":21}},{"start":{"line":245,"column":25},"end":{"line":273,"column":21}}],"line":241},"25":{"loc":{"start":{"line":252,"column":28},"end":{"line":270,"column":29}},"type":"if","locations":[{"start":{"line":252,"column":28},"end":{"line":270,"column":29}},{"start":{"line":254,"column":33},"end":{"line":270,"column":29}}],"line":252},"26":{"loc":{"start":{"line":255,"column":32},"end":{"line":269,"column":124}},"type":"if","locations":[{"start":{"line":255,"column":32},"end":{"line":269,"column":124}},{"start":{"line":269,"column":36},"end":{"line":269,"column":124}}],"line":255},"27":{"loc":{"start":{"line":259,"column":44},"end":{"line":264,"column":45}},"type":"if","locations":[{"start":{"line":259,"column":44},"end":{"line":264,"column":45}},{"start":{"line":262,"column":49},"end":{"line":264,"column":45}}],"line":259},"28":{"loc":{"start":{"line":290,"column":12},"end":{"line":312,"column":13}},"type":"if","locations":[{"start":{"line":290,"column":12},"end":{"line":312,"column":13}},{"start":{"line":292,"column":17},"end":{"line":312,"column":13}}],"line":290},"29":{"loc":{"start":{"line":296,"column":20},"end":{"line":309,"column":21}},"type":"if","locations":[{"start":{"line":296,"column":20},"end":{"line":309,"column":21}},{"start":{"line":298,"column":24},"end":{"line":309,"column":21}}],"line":296},"30":{"loc":{"start":{"line":296,"column":23},"end":{"line":296,"column":44}},"type":"binary-expr","locations":[{"start":{"line":296,"column":23},"end":{"line":296,"column":28}},{"start":{"line":296,"column":32},"end":{"line":296,"column":44}}],"line":296},"31":{"loc":{"start":{"line":301,"column":35},"end":{"line":301,"column":73}},"type":"binary-expr","locations":[{"start":{"line":301,"column":35},"end":{"line":301,"column":61}},{"start":{"line":301,"column":65},"end":{"line":301,"column":73}}],"line":301},"32":{"loc":{"start":{"line":302,"column":28},"end":{"line":305,"column":29}},"type":"if","locations":[{"start":{"line":302,"column":28},"end":{"line":305,"column":29}},{"start":{},"end":{}}],"line":302},"33":{"loc":{"start":{"line":321,"column":4},"end":{"line":321,"column":70}},"type":"if","locations":[{"start":{"line":321,"column":4},"end":{"line":321,"column":70}},{"start":{},"end":{}}],"line":321},"34":{"loc":{"start":{"line":323,"column":8},"end":{"line":323,"column":84}},"type":"if","locations":[{"start":{"line":323,"column":8},"end":{"line":323,"column":84}},{"start":{},"end":{}}],"line":323},"35":{"loc":{"start":{"line":323,"column":12},"end":{"line":323,"column":26}},"type":"binary-expr","locations":[{"start":{"line":323,"column":12},"end":{"line":323,"column":20}},{"start":{"line":323,"column":23},"end":{"line":323,"column":26}}],"line":323},"36":{"loc":{"start":{"line":337,"column":4},"end":{"line":337,"column":85}},"type":"if","locations":[{"start":{"line":337,"column":4},"end":{"line":337,"column":85}},{"start":{},"end":{}}],"line":337},"37":{"loc":{"start":{"line":341,"column":4},"end":{"line":341,"column":102}},"type":"if","locations":[{"start":{"line":341,"column":4},"end":{"line":341,"column":102}},{"start":{},"end":{}}],"line":341},"38":{"loc":{"start":{"line":344,"column":8},"end":{"line":344,"column":80}},"type":"if","locations":[{"start":{"line":344,"column":8},"end":{"line":344,"column":80}},{"start":{},"end":{}}],"line":344},"39":{"loc":{"start":{"line":347,"column":12},"end":{"line":347,"column":84}},"type":"if","locations":[{"start":{"line":347,"column":12},"end":{"line":347,"column":84}},{"start":{},"end":{}}],"line":347}},"s":{"0":5,"1":5,"2":5,"3":5,"4":5,"5":5,"6":1,"7":1,"8":1,"9":1,"10":1,"11":0,"12":0,"13":1,"14":0,"15":1,"16":1,"17":1,"18":0,"19":0,"20":1,"21":1,"22":1,"23":0,"24":0,"25":1,"26":0,"27":5,"28":1,"29":1,"30":1,"31":1,"32":1,"33":0,"34":0,"35":1,"36":1,"37":0,"38":0,"39":0,"40":0,"41":0,"42":0,"43":0,"44":0,"45":0,"46":0,"47":0,"48":0,"49":0,"50":0,"51":0,"52":0,"53":0,"54":0,"55":0,"56":0,"57":0,"58":0,"59":0,"60":0,"61":0,"62":0,"63":0,"64":0,"65":0,"66":0,"67":0,"68":0,"69":0,"70":0,"71":0,"72":0,"73":0,"74":0,"75":0,"76":0,"77":5,"78":1,"79":1,"80":1,"81":1,"82":1,"83":0,"84":0,"85":1,"86":1,"87":0,"88":1,"89":1,"90":1,"91":1,"92":0,"93":0,"94":1,"95":5,"96":1,"97":1,"98":1,"99":1,"100":1,"101":0,"102":1,"103":1,"104":0,"105":1,"106":0,"107":1,"108":1,"109":1,"110":1,"111":0,"112":1,"113":0,"114":0,"115":0,"116":0,"117":0,"118":0,"119":1,"120":5,"121":0,"122":0,"123":0,"124":0,"125":0,"126":0,"127":0,"128":0,"129":0,"130":0,"131":0,"132":0,"133":0,"134":0,"135":0,"136":0,"137":5,"138":1,"139":1,"140":0,"141":1,"142":1,"143":0,"144":1,"145":5,"146":1,"147":1,"148":1,"149":0,"150":1,"151":1,"152":0,"153":1,"154":1,"155":0,"156":1,"157":1,"158":1,"159":0,"160":1,"161":5},"f":{"0":1,"1":1,"2":1,"3":1,"4":1,"5":1,"6":0,"7":0,"8":0,"9":1,"10":1,"11":1,"12":1,"13":1,"14":1,"15":0,"16":0,"17":0,"18":0,"19":1,"20":1,"21":1,"22":1,"23":1},"b":{"0":[0,1],"1":[0,1],"2":[0,1],"3":[1,0],"4":[0,1],"5":[0,1],"6":[1,0],"7":[0,0],"8":[0,0],"9":[0,0],"10":[0,0],"11":[0,0],"12":[0,0],"13":[0,0],"14":[0,0],"15":[0,0],"16":[0,0],"17":[0,0],"18":[0,1],"19":[0,1],"20":[0,1],"21":[0,1],"22":[1,1,1],"23":[0,1],"24":[0,1],"25":[0,1],"26":[0,1],"27":[0,0],"28":[0,0],"29":[0,0],"30":[0,0],"31":[0,0],"32":[0,0],"33":[0,1],"34":[0,1],"35":[1,1],"36":[0,1],"37":[0,1],"38":[0,1],"39":[0,1]},"_coverageSchema":"1a1c01bbd47fc00a2c39e90264f33305004495a9","hash":"c733517eb39a749c22498c5352bba7307ba27bfa"}
,"C:\\Users\\Giulio\\Desktop\\ing software\\doc\\Documentazione_D4\\JustCook\\controllers\\authentication.js": {"path":"C:\\Users\\Giulio\\Desktop\\ing software\\doc\\Documentazione_D4\\JustCook\\controllers\\authentication.js","statementMap":{"0":{"start":{"line":1,"column":16},"end":{"line":1,"column":34}},"1":{"start":{"line":2,"column":15},"end":{"line":2,"column":31}},"2":{"start":{"line":3,"column":16},"end":{"line":3,"column":44}},"3":{"start":{"line":5,"column":0},"end":{"line":5,"column":27}},"4":{"start":{"line":8,"column":14},"end":{"line":15,"column":1}},"5":{"start":{"line":9,"column":21},"end":{"line":9,"column":38}},"6":{"start":{"line":10,"column":21},"end":{"line":10,"column":38}},"7":{"start":{"line":11,"column":20},"end":{"line":11,"column":83}},"8":{"start":{"line":12,"column":4},"end":{"line":14,"column":59}},"9":{"start":{"line":13,"column":8},"end":{"line":13,"column":60}},"10":{"start":{"line":14,"column":9},"end":{"line":14,"column":59}},"11":{"start":{"line":17,"column":0},"end":{"line":17,"column":25}}},"fnMap":{"0":{"name":"(anonymous_0)","decl":{"start":{"line":8,"column":14},"end":{"line":8,"column":15}},"loc":{"start":{"line":8,"column":34},"end":{"line":15,"column":1}},"line":8}},"branchMap":{"0":{"loc":{"start":{"line":12,"column":4},"end":{"line":14,"column":59}},"type":"if","locations":[{"start":{"line":12,"column":4},"end":{"line":14,"column":59}},{"start":{"line":14,"column":9},"end":{"line":14,"column":59}}],"line":12},"1":{"loc":{"start":{"line":12,"column":8},"end":{"line":12,"column":35}},"type":"binary-expr","locations":[{"start":{"line":12,"column":8},"end":{"line":12,"column":16}},{"start":{"line":12,"column":20},"end":{"line":12,"column":35}}],"line":12}},"s":{"0":5,"1":5,"2":5,"3":5,"4":5,"5":1,"6":1,"7":1,"8":1,"9":0,"10":1,"11":5},"f":{"0":1},"b":{"0":[0,1],"1":[1,1]},"_coverageSchema":"1a1c01bbd47fc00a2c39e90264f33305004495a9","hash":"bef6de7b0acc8b22ea339d24f5d7b4779d125721"}
,"C:\\Users\\Giulio\\Desktop\\ing software\\doc\\Documentazione_D4\\JustCook\\controllers\\dispensa.js": {"path":"C:\\Users\\Giulio\\Desktop\\ing software\\doc\\Documentazione_D4\\JustCook\\controllers\\dispensa.js","statementMap":{"0":{"start":{"line":1,"column":17},"end":{"line":1,"column":46}},"1":{"start":{"line":2,"column":16},"end":{"line":2,"column":44}},"2":{"start":{"line":3,"column":20},"end":{"line":3,"column":52}},"3":{"start":{"line":4,"column":15},"end":{"line":4,"column":32}},"4":{"start":{"line":5,"column":15},"end":{"line":5,"column":23}},"5":{"start":{"line":6,"column":17},"end":{"line":6,"column":36}},"6":{"start":{"line":7,"column":10},"end":{"line":7,"column":28}},"7":{"start":{"line":10,"column":22},"end":{"line":27,"column":1}},"8":{"start":{"line":11,"column":22},"end":{"line":11,"column":35}},"9":{"start":{"line":12,"column":4},"end":{"line":26,"column":7}},"10":{"start":{"line":13,"column":8},"end":{"line":13,"column":88}},"11":{"start":{"line":13,"column":29},"end":{"line":13,"column":88}},"12":{"start":{"line":14,"column":8},"end":{"line":25,"column":11}},"13":{"start":{"line":15,"column":12},"end":{"line":15,"column":95}},"14":{"start":{"line":15,"column":33},"end":{"line":15,"column":95}},"15":{"start":{"line":16,"column":32},"end":{"line":20,"column":14}},"16":{"start":{"line":21,"column":12},"end":{"line":24,"column":15}},"17":{"start":{"line":22,"column":16},"end":{"line":22,"column":107}},"18":{"start":{"line":22,"column":25},"end":{"line":22,"column":107}},"19":{"start":{"line":23,"column":16},"end":{"line":23,"column":35}},"20":{"start":{"line":30,"column":20},"end":{"line":39,"column":1}},"21":{"start":{"line":31,"column":22},"end":{"line":31,"column":37}},"22":{"start":{"line":32,"column":4},"end":{"line":38,"column":7}},"23":{"start":{"line":33,"column":8},"end":{"line":33,"column":88}},"24":{"start":{"line":33,"column":29},"end":{"line":33,"column":88}},"25":{"start":{"line":34,"column":8},"end":{"line":37,"column":11}},"26":{"start":{"line":35,"column":12},"end":{"line":35,"column":94}},"27":{"start":{"line":35,"column":34},"end":{"line":35,"column":94}},"28":{"start":{"line":36,"column":12},"end":{"line":36,"column":31}},"29":{"start":{"line":45,"column":28},"end":{"line":69,"column":1}},"30":{"start":{"line":46,"column":22},"end":{"line":46,"column":35}},"31":{"start":{"line":47,"column":24},"end":{"line":47,"column":71}},"32":{"start":{"line":49,"column":4},"end":{"line":68,"column":7}},"33":{"start":{"line":50,"column":8},"end":{"line":50,"column":88}},"34":{"start":{"line":50,"column":29},"end":{"line":50,"column":88}},"35":{"start":{"line":51,"column":8},"end":{"line":67,"column":11}},"36":{"start":{"line":52,"column":12},"end":{"line":52,"column":94}},"37":{"start":{"line":52,"column":34},"end":{"line":52,"column":94}},"38":{"start":{"line":53,"column":24},"end":{"line":53,"column":67}},"39":{"start":{"line":54,"column":12},"end":{"line":62,"column":13}},"40":{"start":{"line":55,"column":16},"end":{"line":55,"column":57}},"41":{"start":{"line":56,"column":16},"end":{"line":56,"column":58}},"42":{"start":{"line":59,"column":39},"end":{"line":59,"column":63}},"43":{"start":{"line":61,"column":16},"end":{"line":61,"column":96}},"44":{"start":{"line":63,"column":12},"end":{"line":66,"column":15}},"45":{"start":{"line":64,"column":16},"end":{"line":64,"column":85}},"46":{"start":{"line":64,"column":25},"end":{"line":64,"column":85}},"47":{"start":{"line":65,"column":16},"end":{"line":65,"column":31}},"48":{"start":{"line":75,"column":25},"end":{"line":91,"column":1}},"49":{"start":{"line":76,"column":22},"end":{"line":76,"column":37}},"50":{"start":{"line":77,"column":24},"end":{"line":77,"column":46}},"51":{"start":{"line":78,"column":19},"end":{"line":78,"column":36}},"52":{"start":{"line":79,"column":4},"end":{"line":90,"column":7}},"53":{"start":{"line":80,"column":8},"end":{"line":80,"column":88}},"54":{"start":{"line":80,"column":29},"end":{"line":80,"column":88}},"55":{"start":{"line":81,"column":8},"end":{"line":89,"column":11}},"56":{"start":{"line":82,"column":12},"end":{"line":82,"column":94}},"57":{"start":{"line":82,"column":34},"end":{"line":82,"column":94}},"58":{"start":{"line":83,"column":24},"end":{"line":83,"column":67}},"59":{"start":{"line":84,"column":12},"end":{"line":84,"column":48}},"60":{"start":{"line":85,"column":12},"end":{"line":88,"column":15}},"61":{"start":{"line":86,"column":16},"end":{"line":86,"column":85}},"62":{"start":{"line":86,"column":25},"end":{"line":86,"column":85}},"63":{"start":{"line":87,"column":16},"end":{"line":87,"column":31}},"64":{"start":{"line":94,"column":27},"end":{"line":111,"column":1}},"65":{"start":{"line":95,"column":22},"end":{"line":95,"column":35}},"66":{"start":{"line":96,"column":4},"end":{"line":96,"column":29}},"67":{"start":{"line":97,"column":24},"end":{"line":97,"column":46}},"68":{"start":{"line":98,"column":4},"end":{"line":110,"column":7}},"69":{"start":{"line":99,"column":8},"end":{"line":99,"column":88}},"70":{"start":{"line":99,"column":29},"end":{"line":99,"column":88}},"71":{"start":{"line":100,"column":8},"end":{"line":109,"column":11}},"72":{"start":{"line":101,"column":12},"end":{"line":101,"column":94}},"73":{"start":{"line":101,"column":34},"end":{"line":101,"column":94}},"74":{"start":{"line":102,"column":24},"end":{"line":102,"column":67}},"75":{"start":{"line":103,"column":12},"end":{"line":103,"column":50}},"76":{"start":{"line":104,"column":12},"end":{"line":104,"column":47}},"77":{"start":{"line":105,"column":12},"end":{"line":108,"column":15}},"78":{"start":{"line":106,"column":16},"end":{"line":106,"column":85}},"79":{"start":{"line":106,"column":25},"end":{"line":106,"column":85}},"80":{"start":{"line":107,"column":16},"end":{"line":107,"column":31}},"81":{"start":{"line":113,"column":0},"end":{"line":119,"column":2}}},"fnMap":{"0":{"name":"(anonymous_0)","decl":{"start":{"line":10,"column":22},"end":{"line":10,"column":23}},"loc":{"start":{"line":10,"column":36},"end":{"line":27,"column":1}},"line":10},"1":{"name":"(anonymous_1)","decl":{"start":{"line":12,"column":45},"end":{"line":12,"column":46}},"loc":{"start":{"line":12,"column":63},"end":{"line":26,"column":5}},"line":12},"2":{"name":"(anonymous_2)","decl":{"start":{"line":14,"column":74},"end":{"line":14,"column":75}},"loc":{"start":{"line":14,"column":93},"end":{"line":25,"column":9}},"line":14},"3":{"name":"(anonymous_3)","decl":{"start":{"line":21,"column":31},"end":{"line":21,"column":32}},"loc":{"start":{"line":21,"column":50},"end":{"line":24,"column":13}},"line":21},"4":{"name":"(anonymous_4)","decl":{"start":{"line":30,"column":20},"end":{"line":30,"column":21}},"loc":{"start":{"line":30,"column":34},"end":{"line":39,"column":1}},"line":30},"5":{"name":"(anonymous_5)","decl":{"start":{"line":32,"column":45},"end":{"line":32,"column":46}},"loc":{"start":{"line":32,"column":63},"end":{"line":38,"column":5}},"line":32},"6":{"name":"(anonymous_6)","decl":{"start":{"line":34,"column":74},"end":{"line":34,"column":75}},"loc":{"start":{"line":34,"column":93},"end":{"line":37,"column":9}},"line":34},"7":{"name":"(anonymous_7)","decl":{"start":{"line":45,"column":28},"end":{"line":45,"column":29}},"loc":{"start":{"line":45,"column":42},"end":{"line":69,"column":1}},"line":45},"8":{"name":"(anonymous_8)","decl":{"start":{"line":49,"column":45},"end":{"line":49,"column":46}},"loc":{"start":{"line":49,"column":63},"end":{"line":68,"column":5}},"line":49},"9":{"name":"(anonymous_9)","decl":{"start":{"line":51,"column":49},"end":{"line":51,"column":50}},"loc":{"start":{"line":51,"column":68},"end":{"line":67,"column":9}},"line":51},"10":{"name":"(anonymous_10)","decl":{"start":{"line":63,"column":26},"end":{"line":63,"column":27}},"loc":{"start":{"line":63,"column":41},"end":{"line":66,"column":13}},"line":63},"11":{"name":"(anonymous_11)","decl":{"start":{"line":75,"column":25},"end":{"line":75,"column":26}},"loc":{"start":{"line":75,"column":39},"end":{"line":91,"column":1}},"line":75},"12":{"name":"(anonymous_12)","decl":{"start":{"line":79,"column":45},"end":{"line":79,"column":46}},"loc":{"start":{"line":79,"column":63},"end":{"line":90,"column":5}},"line":79},"13":{"name":"(anonymous_13)","decl":{"start":{"line":81,"column":49},"end":{"line":81,"column":50}},"loc":{"start":{"line":81,"column":68},"end":{"line":89,"column":9}},"line":81},"14":{"name":"(anonymous_14)","decl":{"start":{"line":85,"column":26},"end":{"line":85,"column":27}},"loc":{"start":{"line":85,"column":41},"end":{"line":88,"column":13}},"line":85},"15":{"name":"(anonymous_15)","decl":{"start":{"line":94,"column":27},"end":{"line":94,"column":28}},"loc":{"start":{"line":94,"column":41},"end":{"line":111,"column":1}},"line":94},"16":{"name":"(anonymous_16)","decl":{"start":{"line":98,"column":45},"end":{"line":98,"column":46}},"loc":{"start":{"line":98,"column":63},"end":{"line":110,"column":5}},"line":98},"17":{"name":"(anonymous_17)","decl":{"start":{"line":100,"column":49},"end":{"line":100,"column":50}},"loc":{"start":{"line":100,"column":68},"end":{"line":109,"column":9}},"line":100},"18":{"name":"(anonymous_18)","decl":{"start":{"line":105,"column":26},"end":{"line":105,"column":27}},"loc":{"start":{"line":105,"column":41},"end":{"line":108,"column":13}},"line":105}},"branchMap":{"0":{"loc":{"start":{"line":13,"column":8},"end":{"line":13,"column":88}},"type":"if","locations":[{"start":{"line":13,"column":8},"end":{"line":13,"column":88}},{"start":{},"end":{}}],"line":13},"1":{"loc":{"start":{"line":13,"column":12},"end":{"line":13,"column":27}},"type":"binary-expr","locations":[{"start":{"line":13,"column":12},"end":{"line":13,"column":20}},{"start":{"line":13,"column":24},"end":{"line":13,"column":27}}],"line":13},"2":{"loc":{"start":{"line":15,"column":12},"end":{"line":15,"column":95}},"type":"if","locations":[{"start":{"line":15,"column":12},"end":{"line":15,"column":95}},{"start":{},"end":{}}],"line":15},"3":{"loc":{"start":{"line":15,"column":16},"end":{"line":15,"column":31}},"type":"binary-expr","locations":[{"start":{"line":15,"column":16},"end":{"line":15,"column":24}},{"start":{"line":15,"column":28},"end":{"line":15,"column":31}}],"line":15},"4":{"loc":{"start":{"line":22,"column":16},"end":{"line":22,"column":107}},"type":"if","locations":[{"start":{"line":22,"column":16},"end":{"line":22,"column":107}},{"start":{},"end":{}}],"line":22},"5":{"loc":{"start":{"line":33,"column":8},"end":{"line":33,"column":88}},"type":"if","locations":[{"start":{"line":33,"column":8},"end":{"line":33,"column":88}},{"start":{},"end":{}}],"line":33},"6":{"loc":{"start":{"line":33,"column":12},"end":{"line":33,"column":27}},"type":"binary-expr","locations":[{"start":{"line":33,"column":12},"end":{"line":33,"column":20}},{"start":{"line":33,"column":24},"end":{"line":33,"column":27}}],"line":33},"7":{"loc":{"start":{"line":35,"column":12},"end":{"line":35,"column":94}},"type":"if","locations":[{"start":{"line":35,"column":12},"end":{"line":35,"column":94}},{"start":{},"end":{}}],"line":35},"8":{"loc":{"start":{"line":35,"column":16},"end":{"line":35,"column":32}},"type":"binary-expr","locations":[{"start":{"line":35,"column":16},"end":{"line":35,"column":25}},{"start":{"line":35,"column":29},"end":{"line":35,"column":32}}],"line":35},"9":{"loc":{"start":{"line":50,"column":8},"end":{"line":50,"column":88}},"type":"if","locations":[{"start":{"line":50,"column":8},"end":{"line":50,"column":88}},{"start":{},"end":{}}],"line":50},"10":{"loc":{"start":{"line":50,"column":12},"end":{"line":50,"column":27}},"type":"binary-expr","locations":[{"start":{"line":50,"column":12},"end":{"line":50,"column":20}},{"start":{"line":50,"column":24},"end":{"line":50,"column":27}}],"line":50},"11":{"loc":{"start":{"line":52,"column":12},"end":{"line":52,"column":94}},"type":"if","locations":[{"start":{"line":52,"column":12},"end":{"line":52,"column":94}},{"start":{},"end":{}}],"line":52},"12":{"loc":{"start":{"line":52,"column":16},"end":{"line":52,"column":32}},"type":"binary-expr","locations":[{"start":{"line":52,"column":16},"end":{"line":52,"column":25}},{"start":{"line":52,"column":29},"end":{"line":52,"column":32}}],"line":52},"13":{"loc":{"start":{"line":54,"column":12},"end":{"line":62,"column":13}},"type":"if","locations":[{"start":{"line":54,"column":12},"end":{"line":62,"column":13}},{"start":{"line":57,"column":19},"end":{"line":62,"column":13}}],"line":54},"14":{"loc":{"start":{"line":64,"column":16},"end":{"line":64,"column":85}},"type":"if","locations":[{"start":{"line":64,"column":16},"end":{"line":64,"column":85}},{"start":{},"end":{}}],"line":64},"15":{"loc":{"start":{"line":80,"column":8},"end":{"line":80,"column":88}},"type":"if","locations":[{"start":{"line":80,"column":8},"end":{"line":80,"column":88}},{"start":{},"end":{}}],"line":80},"16":{"loc":{"start":{"line":80,"column":12},"end":{"line":80,"column":27}},"type":"binary-expr","locations":[{"start":{"line":80,"column":12},"end":{"line":80,"column":20}},{"start":{"line":80,"column":24},"end":{"line":80,"column":27}}],"line":80},"17":{"loc":{"start":{"line":82,"column":12},"end":{"line":82,"column":94}},"type":"if","locations":[{"start":{"line":82,"column":12},"end":{"line":82,"column":94}},{"start":{},"end":{}}],"line":82},"18":{"loc":{"start":{"line":82,"column":16},"end":{"line":82,"column":32}},"type":"binary-expr","locations":[{"start":{"line":82,"column":16},"end":{"line":82,"column":25}},{"start":{"line":82,"column":29},"end":{"line":82,"column":32}}],"line":82},"19":{"loc":{"start":{"line":86,"column":16},"end":{"line":86,"column":85}},"type":"if","locations":[{"start":{"line":86,"column":16},"end":{"line":86,"column":85}},{"start":{},"end":{}}],"line":86},"20":{"loc":{"start":{"line":99,"column":8},"end":{"line":99,"column":88}},"type":"if","locations":[{"start":{"line":99,"column":8},"end":{"line":99,"column":88}},{"start":{},"end":{}}],"line":99},"21":{"loc":{"start":{"line":99,"column":12},"end":{"line":99,"column":27}},"type":"binary-expr","locations":[{"start":{"line":99,"column":12},"end":{"line":99,"column":20}},{"start":{"line":99,"column":24},"end":{"line":99,"column":27}}],"line":99},"22":{"loc":{"start":{"line":101,"column":12},"end":{"line":101,"column":94}},"type":"if","locations":[{"start":{"line":101,"column":12},"end":{"line":101,"column":94}},{"start":{},"end":{}}],"line":101},"23":{"loc":{"start":{"line":101,"column":16},"end":{"line":101,"column":32}},"type":"binary-expr","locations":[{"start":{"line":101,"column":16},"end":{"line":101,"column":25}},{"start":{"line":101,"column":29},"end":{"line":101,"column":32}}],"line":101},"24":{"loc":{"start":{"line":106,"column":16},"end":{"line":106,"column":85}},"type":"if","locations":[{"start":{"line":106,"column":16},"end":{"line":106,"column":85}},{"start":{},"end":{}}],"line":106}},"s":{"0":5,"1":5,"2":5,"3":5,"4":5,"5":5,"6":5,"7":5,"8":1,"9":1,"10":1,"11":0,"12":1,"13":1,"14":1,"15":0,"16":0,"17":0,"18":0,"19":0,"20":5,"21":1,"22":1,"23":1,"24":0,"25":1,"26":1,"27":0,"28":1,"29":5,"30":1,"31":1,"32":1,"33":1,"34":0,"35":1,"36":1,"37":0,"38":1,"39":1,"40":1,"41":1,"42":0,"43":0,"44":1,"45":1,"46":0,"47":1,"48":5,"49":0,"50":0,"51":0,"52":0,"53":0,"54":0,"55":0,"56":0,"57":0,"58":0,"59":0,"60":0,"61":0,"62":0,"63":0,"64":5,"65":1,"66":1,"67":1,"68":1,"69":1,"70":0,"71":1,"72":1,"73":0,"74":1,"75":1,"76":1,"77":1,"78":1,"79":0,"80":1,"81":5},"f":{"0":1,"1":1,"2":1,"3":0,"4":1,"5":1,"6":1,"7":1,"8":1,"9":1,"10":1,"11":0,"12":0,"13":0,"14":0,"15":1,"16":1,"17":1,"18":1},"b":{"0":[0,1],"1":[1,1],"2":[1,0],"3":[1,0],"4":[0,0],"5":[0,1],"6":[1,1],"7":[0,1],"8":[1,1],"9":[0,1],"10":[1,1],"11":[0,1],"12":[1,1],"13":[1,0],"14":[0,1],"15":[0,0],"16":[0,0],"17":[0,0],"18":[0,0],"19":[0,0],"20":[0,1],"21":[1,1],"22":[0,1],"23":[1,1],"24":[0,1]},"_coverageSchema":"1a1c01bbd47fc00a2c39e90264f33305004495a9","hash":"322a47fc305a342e8ac0e20cbb2e731740875e04"}
,"C:\\Users\\Giulio\\Desktop\\ing software\\doc\\Documentazione_D4\\JustCook\\controllers\\ingrediente.js": {"path":"C:\\Users\\Giulio\\Desktop\\ing software\\doc\\Documentazione_D4\\JustCook\\controllers\\ingrediente.js","statementMap":{"0":{"start":{"line":1,"column":20},"end":{"line":1,"column":52}},"1":{"start":{"line":4,"column":29},"end":{"line":17,"column":1}},"2":{"start":{"line":6,"column":4},"end":{"line":16,"column":7}},"3":{"start":{"line":7,"column":8},"end":{"line":7,"column":82}},"4":{"start":{"line":7,"column":18},"end":{"line":7,"column":82}},"5":{"start":{"line":8,"column":33},"end":{"line":11,"column":10}},"6":{"start":{"line":12,"column":8},"end":{"line":15,"column":11}},"7":{"start":{"line":13,"column":12},"end":{"line":13,"column":84}},"8":{"start":{"line":13,"column":21},"end":{"line":13,"column":84}},"9":{"start":{"line":14,"column":12},"end":{"line":14,"column":27}},"10":{"start":{"line":20,"column":25},"end":{"line":26,"column":1}},"11":{"start":{"line":21,"column":26},"end":{"line":21,"column":41}},"12":{"start":{"line":22,"column":4},"end":{"line":25,"column":7}},"13":{"start":{"line":23,"column":8},"end":{"line":23,"column":96}},"14":{"start":{"line":23,"column":33},"end":{"line":23,"column":96}},"15":{"start":{"line":24,"column":8},"end":{"line":24,"column":30}},"16":{"start":{"line":29,"column":27},"end":{"line":35,"column":1}},"17":{"start":{"line":30,"column":24},"end":{"line":30,"column":37}},"18":{"start":{"line":31,"column":4},"end":{"line":34,"column":7}},"19":{"start":{"line":32,"column":8},"end":{"line":32,"column":96}},"20":{"start":{"line":32,"column":33},"end":{"line":32,"column":96}},"21":{"start":{"line":33,"column":8},"end":{"line":33,"column":30}},"22":{"start":{"line":40,"column":27},"end":{"line":49,"column":1}},"23":{"start":{"line":41,"column":26},"end":{"line":41,"column":41}},"24":{"start":{"line":42,"column":4},"end":{"line":48,"column":7}},"25":{"start":{"line":43,"column":8},"end":{"line":43,"column":96}},"26":{"start":{"line":43,"column":33},"end":{"line":43,"column":96}},"27":{"start":{"line":44,"column":8},"end":{"line":47,"column":11}},"28":{"start":{"line":45,"column":12},"end":{"line":45,"column":85}},"29":{"start":{"line":45,"column":21},"end":{"line":45,"column":85}},"30":{"start":{"line":46,"column":12},"end":{"line":46,"column":34}},"31":{"start":{"line":52,"column":0},"end":{"line":57,"column":2}}},"fnMap":{"0":{"name":"(anonymous_0)","decl":{"start":{"line":4,"column":29},"end":{"line":4,"column":30}},"loc":{"start":{"line":4,"column":43},"end":{"line":17,"column":1}},"line":4},"1":{"name":"(anonymous_1)","decl":{"start":{"line":6,"column":47},"end":{"line":6,"column":48}},"loc":{"start":{"line":6,"column":62},"end":{"line":16,"column":5}},"line":6},"2":{"name":"(anonymous_2)","decl":{"start":{"line":12,"column":30},"end":{"line":12,"column":31}},"loc":{"start":{"line":12,"column":45},"end":{"line":15,"column":9}},"line":12},"3":{"name":"(anonymous_3)","decl":{"start":{"line":20,"column":25},"end":{"line":20,"column":26}},"loc":{"start":{"line":20,"column":39},"end":{"line":26,"column":1}},"line":20},"4":{"name":"(anonymous_4)","decl":{"start":{"line":22,"column":49},"end":{"line":22,"column":50}},"loc":{"start":{"line":22,"column":71},"end":{"line":25,"column":5}},"line":22},"5":{"name":"(anonymous_5)","decl":{"start":{"line":29,"column":27},"end":{"line":29,"column":28}},"loc":{"start":{"line":29,"column":41},"end":{"line":35,"column":1}},"line":29},"6":{"name":"(anonymous_6)","decl":{"start":{"line":31,"column":46},"end":{"line":31,"column":47}},"loc":{"start":{"line":31,"column":68},"end":{"line":34,"column":5}},"line":31},"7":{"name":"(anonymous_7)","decl":{"start":{"line":40,"column":27},"end":{"line":40,"column":28}},"loc":{"start":{"line":40,"column":41},"end":{"line":49,"column":1}},"line":40},"8":{"name":"(anonymous_8)","decl":{"start":{"line":42,"column":49},"end":{"line":42,"column":50}},"loc":{"start":{"line":42,"column":71},"end":{"line":48,"column":5}},"line":42},"9":{"name":"(anonymous_9)","decl":{"start":{"line":44,"column":55},"end":{"line":44,"column":56}},"loc":{"start":{"line":44,"column":77},"end":{"line":47,"column":9}},"line":44}},"branchMap":{"0":{"loc":{"start":{"line":7,"column":8},"end":{"line":7,"column":82}},"type":"if","locations":[{"start":{"line":7,"column":8},"end":{"line":7,"column":82}},{"start":{},"end":{}}],"line":7},"1":{"loc":{"start":{"line":13,"column":12},"end":{"line":13,"column":84}},"type":"if","locations":[{"start":{"line":13,"column":12},"end":{"line":13,"column":84}},{"start":{},"end":{}}],"line":13},"2":{"loc":{"start":{"line":23,"column":8},"end":{"line":23,"column":96}},"type":"if","locations":[{"start":{"line":23,"column":8},"end":{"line":23,"column":96}},{"start":{},"end":{}}],"line":23},"3":{"loc":{"start":{"line":23,"column":12},"end":{"line":23,"column":31}},"type":"binary-expr","locations":[{"start":{"line":23,"column":12},"end":{"line":23,"column":24}},{"start":{"line":23,"column":28},"end":{"line":23,"column":31}}],"line":23},"4":{"loc":{"start":{"line":32,"column":8},"end":{"line":32,"column":96}},"type":"if","locations":[{"start":{"line":32,"column":8},"end":{"line":32,"column":96}},{"start":{},"end":{}}],"line":32},"5":{"loc":{"start":{"line":32,"column":12},"end":{"line":32,"column":31}},"type":"binary-expr","locations":[{"start":{"line":32,"column":12},"end":{"line":32,"column":24}},{"start":{"line":32,"column":28},"end":{"line":32,"column":31}}],"line":32},"6":{"loc":{"start":{"line":43,"column":8},"end":{"line":43,"column":96}},"type":"if","locations":[{"start":{"line":43,"column":8},"end":{"line":43,"column":96}},{"start":{},"end":{}}],"line":43},"7":{"loc":{"start":{"line":43,"column":12},"end":{"line":43,"column":31}},"type":"binary-expr","locations":[{"start":{"line":43,"column":12},"end":{"line":43,"column":24}},{"start":{"line":43,"column":28},"end":{"line":43,"column":31}}],"line":43},"8":{"loc":{"start":{"line":45,"column":12},"end":{"line":45,"column":85}},"type":"if","locations":[{"start":{"line":45,"column":12},"end":{"line":45,"column":85}},{"start":{},"end":{}}],"line":45}},"s":{"0":5,"1":5,"2":0,"3":0,"4":0,"5":0,"6":0,"7":0,"8":0,"9":0,"10":5,"11":1,"12":1,"13":1,"14":0,"15":1,"16":5,"17":1,"18":1,"19":1,"20":0,"21":1,"22":5,"23":0,"24":0,"25":0,"26":0,"27":0,"28":0,"29":0,"30":0,"31":5},"f":{"0":0,"1":0,"2":0,"3":1,"4":1,"5":1,"6":1,"7":0,"8":0,"9":0},"b":{"0":[0,0],"1":[0,0],"2":[0,1],"3":[1,1],"4":[0,1],"5":[1,1],"6":[0,0],"7":[0,0],"8":[0,0]},"_coverageSchema":"1a1c01bbd47fc00a2c39e90264f33305004495a9","hash":"7d6623db6b3551a309e3f6b55648ae0050b82df4"}
,"C:\\Users\\Giulio\\Desktop\\ing software\\doc\\Documentazione_D4\\JustCook\\controllers\\ricetta.js": {"path":"C:\\Users\\Giulio\\Desktop\\ing software\\doc\\Documentazione_D4\\JustCook\\controllers\\ricetta.js","statementMap":{"0":{"start":{"line":1,"column":16},"end":{"line":1,"column":44}},"1":{"start":{"line":6,"column":25},"end":{"line":28,"column":1}},"2":{"start":{"line":7,"column":4},"end":{"line":27,"column":7}},"3":{"start":{"line":8,"column":8},"end":{"line":26,"column":9}},"4":{"start":{"line":8,"column":17},"end":{"line":8,"column":77}},"5":{"start":{"line":10,"column":31},"end":{"line":18,"column":14}},"6":{"start":{"line":21,"column":12},"end":{"line":24,"column":15}},"7":{"start":{"line":22,"column":16},"end":{"line":22,"column":87}},"8":{"start":{"line":22,"column":25},"end":{"line":22,"column":87}},"9":{"start":{"line":23,"column":16},"end":{"line":23,"column":31}},"10":{"start":{"line":31,"column":19},"end":{"line":38,"column":1}},"11":{"start":{"line":32,"column":22},"end":{"line":32,"column":37}},"12":{"start":{"line":33,"column":24},"end":{"line":33,"column":41}},"13":{"start":{"line":34,"column":4},"end":{"line":37,"column":7}},"14":{"start":{"line":35,"column":8},"end":{"line":35,"column":88}},"15":{"start":{"line":35,"column":29},"end":{"line":35,"column":88}},"16":{"start":{"line":36,"column":8},"end":{"line":36,"column":26}},"17":{"start":{"line":41,"column":0},"end":{"line":45,"column":2}}},"fnMap":{"0":{"name":"(anonymous_0)","decl":{"start":{"line":6,"column":25},"end":{"line":6,"column":26}},"loc":{"start":{"line":6,"column":39},"end":{"line":28,"column":1}},"line":6},"1":{"name":"(anonymous_1)","decl":{"start":{"line":7,"column":68},"end":{"line":7,"column":69}},"loc":{"start":{"line":7,"column":83},"end":{"line":27,"column":5}},"line":7},"2":{"name":"(anonymous_2)","decl":{"start":{"line":21,"column":28},"end":{"line":21,"column":29}},"loc":{"start":{"line":21,"column":43},"end":{"line":24,"column":13}},"line":21},"3":{"name":"(anonymous_3)","decl":{"start":{"line":31,"column":19},"end":{"line":31,"column":20}},"loc":{"start":{"line":31,"column":33},"end":{"line":38,"column":1}},"line":31},"4":{"name":"(anonymous_4)","decl":{"start":{"line":34,"column":64},"end":{"line":34,"column":65}},"loc":{"start":{"line":34,"column":82},"end":{"line":37,"column":5}},"line":34}},"branchMap":{"0":{"loc":{"start":{"line":8,"column":8},"end":{"line":26,"column":9}},"type":"if","locations":[{"start":{"line":8,"column":8},"end":{"line":26,"column":9}},{"start":{"line":9,"column":13},"end":{"line":26,"column":9}}],"line":8},"1":{"loc":{"start":{"line":22,"column":16},"end":{"line":22,"column":87}},"type":"if","locations":[{"start":{"line":22,"column":16},"end":{"line":22,"column":87}},{"start":{},"end":{}}],"line":22},"2":{"loc":{"start":{"line":35,"column":8},"end":{"line":35,"column":88}},"type":"if","locations":[{"start":{"line":35,"column":8},"end":{"line":35,"column":88}},{"start":{},"end":{}}],"line":35},"3":{"loc":{"start":{"line":35,"column":12},"end":{"line":35,"column":27}},"type":"binary-expr","locations":[{"start":{"line":35,"column":12},"end":{"line":35,"column":20}},{"start":{"line":35,"column":24},"end":{"line":35,"column":27}}],"line":35}},"s":{"0":5,"1":5,"2":0,"3":0,"4":0,"5":0,"6":0,"7":0,"8":0,"9":0,"10":5,"11":1,"12":1,"13":1,"14":1,"15":0,"16":1,"17":5},"f":{"0":0,"1":0,"2":0,"3":1,"4":1},"b":{"0":[0,0],"1":[0,0],"2":[0,1],"3":[1,1]},"_coverageSchema":"1a1c01bbd47fc00a2c39e90264f33305004495a9","hash":"8a530f145cf3fea580f264aa562f08549a9d5e41"}
,"C:\\Users\\Giulio\\Desktop\\ing software\\doc\\Documentazione_D4\\JustCook\\controllers\\ricettaEstesa.js": {"path":"C:\\Users\\Giulio\\Desktop\\ing software\\doc\\Documentazione_D4\\JustCook\\controllers\\ricettaEstesa.js","statementMap":{"0":{"start":{"line":1,"column":22},"end":{"line":1,"column":56}},"1":{"start":{"line":7,"column":21},"end":{"line":76,"column":1}},"2":{"start":{"line":13,"column":4},"end":{"line":19,"column":5}},"3":{"start":{"line":14,"column":8},"end":{"line":14,"column":29}},"4":{"start":{"line":16,"column":8},"end":{"line":16,"column":60}},"5":{"start":{"line":17,"column":8},"end":{"line":18,"column":49}},"6":{"start":{"line":18,"column":12},"end":{"line":18,"column":49}},"7":{"start":{"line":22,"column":4},"end":{"line":28,"column":5}},"8":{"start":{"line":23,"column":8},"end":{"line":23,"column":24}},"9":{"start":{"line":25,"column":8},"end":{"line":25,"column":50}},"10":{"start":{"line":26,"column":8},"end":{"line":27,"column":39}},"11":{"start":{"line":27,"column":12},"end":{"line":27,"column":39}},"12":{"start":{"line":30,"column":22},"end":{"line":30,"column":36}},"13":{"start":{"line":31,"column":28},"end":{"line":31,"column":65}},"14":{"start":{"line":33,"column":4},"end":{"line":75,"column":5}},"15":{"start":{"line":35,"column":8},"end":{"line":35,"column":87}},"16":{"start":{"line":36,"column":8},"end":{"line":36,"column":111}},"17":{"start":{"line":40,"column":8},"end":{"line":40,"column":71}},"18":{"start":{"line":41,"column":8},"end":{"line":41,"column":32}},"19":{"start":{"line":42,"column":26},"end":{"line":42,"column":45}},"20":{"start":{"line":44,"column":8},"end":{"line":49,"column":9}},"21":{"start":{"line":44,"column":20},"end":{"line":44,"column":21}},"22":{"start":{"line":45,"column":12},"end":{"line":47,"column":13}},"23":{"start":{"line":46,"column":16},"end":{"line":46,"column":46}},"24":{"start":{"line":48,"column":12},"end":{"line":48,"column":46}},"25":{"start":{"line":52,"column":8},"end":{"line":73,"column":9}},"26":{"start":{"line":63,"column":12},"end":{"line":69,"column":13}},"27":{"start":{"line":64,"column":16},"end":{"line":64,"column":34}},"28":{"start":{"line":65,"column":16},"end":{"line":65,"column":102}},"29":{"start":{"line":67,"column":16},"end":{"line":67,"column":33}},"30":{"start":{"line":68,"column":16},"end":{"line":68,"column":49}},"31":{"start":{"line":79,"column":25},"end":{"line":105,"column":1}},"32":{"start":{"line":82,"column":16},"end":{"line":82,"column":30}},"33":{"start":{"line":82,"column":40},"end":{"line":82,"column":56}},"34":{"start":{"line":84,"column":4},"end":{"line":103,"column":6}},"35":{"start":{"line":94,"column":12},"end":{"line":99,"column":13}},"36":{"start":{"line":95,"column":16},"end":{"line":95,"column":34}},"37":{"start":{"line":96,"column":16},"end":{"line":96,"column":102}},"38":{"start":{"line":98,"column":16},"end":{"line":98,"column":49}},"39":{"start":{"line":107,"column":0},"end":{"line":110,"column":2}}},"fnMap":{"0":{"name":"(anonymous_0)","decl":{"start":{"line":7,"column":21},"end":{"line":7,"column":22}},"loc":{"start":{"line":7,"column":41},"end":{"line":76,"column":1}},"line":7},"1":{"name":"(anonymous_1)","decl":{"start":{"line":62,"column":10},"end":{"line":62,"column":11}},"loc":{"start":{"line":62,"column":27},"end":{"line":71,"column":9}},"line":62},"2":{"name":"(anonymous_2)","decl":{"start":{"line":79,"column":25},"end":{"line":79,"column":26}},"loc":{"start":{"line":79,"column":45},"end":{"line":105,"column":1}},"line":79},"3":{"name":"(anonymous_3)","decl":{"start":{"line":93,"column":10},"end":{"line":93,"column":11}},"loc":{"start":{"line":93,"column":27},"end":{"line":101,"column":9}},"line":93}},"branchMap":{"0":{"loc":{"start":{"line":13,"column":4},"end":{"line":19,"column":5}},"type":"if","locations":[{"start":{"line":13,"column":4},"end":{"line":19,"column":5}},{"start":{"line":15,"column":8},"end":{"line":19,"column":5}}],"line":13},"1":{"loc":{"start":{"line":17,"column":8},"end":{"line":18,"column":49}},"type":"if","locations":[{"start":{"line":17,"column":8},"end":{"line":18,"column":49}},{"start":{},"end":{}}],"line":17},"2":{"loc":{"start":{"line":22,"column":4},"end":{"line":28,"column":5}},"type":"if","locations":[{"start":{"line":22,"column":4},"end":{"line":28,"column":5}},{"start":{"line":24,"column":8},"end":{"line":28,"column":5}}],"line":22},"3":{"loc":{"start":{"line":26,"column":8},"end":{"line":27,"column":39}},"type":"if","locations":[{"start":{"line":26,"column":8},"end":{"line":27,"column":39}},{"start":{},"end":{}}],"line":26},"4":{"loc":{"start":{"line":33,"column":4},"end":{"line":75,"column":5}},"type":"if","locations":[{"start":{"line":33,"column":4},"end":{"line":75,"column":5}},{"start":{"line":38,"column":9},"end":{"line":75,"column":5}}],"line":33},"5":{"loc":{"start":{"line":45,"column":12},"end":{"line":47,"column":13}},"type":"if","locations":[{"start":{"line":45,"column":12},"end":{"line":47,"column":13}},{"start":{},"end":{}}],"line":45},"6":{"loc":{"start":{"line":63,"column":12},"end":{"line":69,"column":13}},"type":"if","locations":[{"start":{"line":63,"column":12},"end":{"line":69,"column":13}},{"start":{"line":66,"column":17},"end":{"line":69,"column":13}}],"line":63},"7":{"loc":{"start":{"line":94,"column":12},"end":{"line":99,"column":13}},"type":"if","locations":[{"start":{"line":94,"column":12},"end":{"line":99,"column":13}},{"start":{"line":97,"column":17},"end":{"line":99,"column":13}}],"line":94}},"s":{"0":5,"1":5,"2":0,"3":0,"4":0,"5":0,"6":0,"7":0,"8":0,"9":0,"10":0,"11":0,"12":0,"13":0,"14":0,"15":0,"16":0,"17":0,"18":0,"19":0,"20":0,"21":0,"22":0,"23":0,"24":0,"25":0,"26":0,"27":0,"28":0,"29":0,"30":0,"31":5,"32":0,"33":0,"34":0,"35":0,"36":0,"37":0,"38":0,"39":5},"f":{"0":0,"1":0,"2":0,"3":0},"b":{"0":[0,0],"1":[0,0],"2":[0,0],"3":[0,0],"4":[0,0],"5":[0,0],"6":[0,0],"7":[0,0]},"_coverageSchema":"1a1c01bbd47fc00a2c39e90264f33305004495a9","hash":"ee14bdb2482cdf5dc01ec64e6d14e2a9e1e533c6"}
,"C:\\Users\\Giulio\\Desktop\\ing software\\doc\\Documentazione_D4\\JustCook\\controllers\\tokenChecker.js": {"path":"C:\\Users\\Giulio\\Desktop\\ing software\\doc\\Documentazione_D4\\JustCook\\controllers\\tokenChecker.js","statementMap":{"0":{"start":{"line":1,"column":12},"end":{"line":1,"column":35}},"1":{"start":{"line":3,"column":21},"end":{"line":29,"column":1}},"2":{"start":{"line":5,"column":13},"end":{"line":5,"column":79}},"3":{"start":{"line":8,"column":1},"end":{"line":13,"column":2}},"4":{"start":{"line":9,"column":2},"end":{"line":12,"column":5}},"5":{"start":{"line":16,"column":1},"end":{"line":27,"column":4}},"6":{"start":{"line":17,"column":2},"end":{"line":26,"column":3}},"7":{"start":{"line":18,"column":3},"end":{"line":21,"column":6}},"8":{"start":{"line":24,"column":3},"end":{"line":24,"column":28}},"9":{"start":{"line":25,"column":3},"end":{"line":25,"column":10}},"10":{"start":{"line":31,"column":0},"end":{"line":31,"column":29}}},"fnMap":{"0":{"name":"(anonymous_0)","decl":{"start":{"line":3,"column":21},"end":{"line":3,"column":22}},"loc":{"start":{"line":3,"column":46},"end":{"line":29,"column":1}},"line":3},"1":{"name":"(anonymous_1)","decl":{"start":{"line":16,"column":45},"end":{"line":16,"column":46}},"loc":{"start":{"line":16,"column":68},"end":{"line":27,"column":2}},"line":16}},"branchMap":{"0":{"loc":{"start":{"line":5,"column":13},"end":{"line":5,"column":79}},"type":"binary-expr","locations":[{"start":{"line":5,"column":13},"end":{"line":5,"column":27}},{"start":{"line":5,"column":31},"end":{"line":5,"column":46}},{"start":{"line":5,"column":50},"end":{"line":5,"column":79}}],"line":5},"1":{"loc":{"start":{"line":8,"column":1},"end":{"line":13,"column":2}},"type":"if","locations":[{"start":{"line":8,"column":1},"end":{"line":13,"column":2}},{"start":{},"end":{}}],"line":8},"2":{"loc":{"start":{"line":17,"column":2},"end":{"line":26,"column":3}},"type":"if","locations":[{"start":{"line":17,"column":2},"end":{"line":26,"column":3}},{"start":{"line":22,"column":9},"end":{"line":26,"column":3}}],"line":17}},"s":{"0":5,"1":5,"2":0,"3":0,"4":0,"5":0,"6":0,"7":0,"8":0,"9":0,"10":5},"f":{"0":0,"1":0},"b":{"0":[0,0,0],"1":[0,0],"2":[0,0]},"_coverageSchema":"1a1c01bbd47fc00a2c39e90264f33305004495a9","hash":"455f7454d374263a6474cd2c022b81e1a52dafea"}
,"C:\\Users\\Giulio\\Desktop\\ing software\\doc\\Documentazione_D4\\JustCook\\models\\account.js": {"path":"C:\\Users\\Giulio\\Desktop\\ing software\\doc\\Documentazione_D4\\JustCook\\models\\account.js","statementMap":{"0":{"start":{"line":1,"column":17},"end":{"line":1,"column":36}},"1":{"start":{"line":2,"column":16},"end":{"line":2,"column":37}},"2":{"start":{"line":5,"column":22},"end":{"line":14,"column":2}},"3":{"start":{"line":16,"column":16},"end":{"line":16,"column":57}},"4":{"start":{"line":17,"column":0},"end":{"line":17,"column":25}}},"fnMap":{},"branchMap":{},"s":{"0":5,"1":5,"2":5,"3":5,"4":5},"f":{},"b":{},"_coverageSchema":"1a1c01bbd47fc00a2c39e90264f33305004495a9","hash":"bc81b25658e43c86b4041bc9663352f11605d0c4"}
,"C:\\Users\\Giulio\\Desktop\\ing software\\doc\\Documentazione_D4\\JustCook\\models\\dispensa.js": {"path":"C:\\Users\\Giulio\\Desktop\\ing software\\doc\\Documentazione_D4\\JustCook\\models\\dispensa.js","statementMap":{"0":{"start":{"line":1,"column":17},"end":{"line":1,"column":36}},"1":{"start":{"line":2,"column":20},"end":{"line":2,"column":45}},"2":{"start":{"line":5,"column":23},"end":{"line":9,"column":2}},"3":{"start":{"line":11,"column":17},"end":{"line":11,"column":59}},"4":{"start":{"line":12,"column":0},"end":{"line":12,"column":26}}},"fnMap":{},"branchMap":{},"s":{"0":5,"1":5,"2":5,"3":5,"4":5},"f":{},"b":{},"_coverageSchema":"1a1c01bbd47fc00a2c39e90264f33305004495a9","hash":"48c225d02f6e5c0c8aeb5856961997f55fb9ca7d"}
,"C:\\Users\\Giulio\\Desktop\\ing software\\doc\\Documentazione_D4\\JustCook\\models\\ingrediente.js": {"path":"C:\\Users\\Giulio\\Desktop\\ing software\\doc\\Documentazione_D4\\JustCook\\models\\ingrediente.js","statementMap":{"0":{"start":{"line":1,"column":17},"end":{"line":1,"column":36}},"1":{"start":{"line":3,"column":26},"end":{"line":6,"column":2}},"2":{"start":{"line":8,"column":20},"end":{"line":8,"column":68}},"3":{"start":{"line":9,"column":0},"end":{"line":9,"column":30}}},"fnMap":{},"branchMap":{},"s":{"0":5,"1":5,"2":5,"3":5},"f":{},"b":{},"_coverageSchema":"1a1c01bbd47fc00a2c39e90264f33305004495a9","hash":"8396202240332a870aedde093f947b7415f2b866"}
,"C:\\Users\\Giulio\\Desktop\\ing software\\doc\\Documentazione_D4\\JustCook\\models\\ricetta.js": {"path":"C:\\Users\\Giulio\\Desktop\\ing software\\doc\\Documentazione_D4\\JustCook\\models\\ricetta.js","statementMap":{"0":{"start":{"line":1,"column":17},"end":{"line":1,"column":36}},"1":{"start":{"line":3,"column":22},"end":{"line":11,"column":2}},"2":{"start":{"line":13,"column":16},"end":{"line":13,"column":56}},"3":{"start":{"line":14,"column":0},"end":{"line":14,"column":25}}},"fnMap":{},"branchMap":{},"s":{"0":5,"1":5,"2":5,"3":5},"f":{},"b":{},"_coverageSchema":"1a1c01bbd47fc00a2c39e90264f33305004495a9","hash":"04bb5bf831c5b9973628c9d258b2eeff0d62c6af"}
,"C:\\Users\\Giulio\\Desktop\\ing software\\doc\\Documentazione_D4\\JustCook\\models\\ricettaEstesa.js": {"path":"C:\\Users\\Giulio\\Desktop\\ing software\\doc\\Documentazione_D4\\JustCook\\models\\ricettaEstesa.js","statementMap":{"0":{"start":{"line":1,"column":17},"end":{"line":1,"column":36}},"1":{"start":{"line":2,"column":16},"end":{"line":2,"column":36}},"2":{"start":{"line":3,"column":20},"end":{"line":3,"column":45}},"3":{"start":{"line":5,"column":28},"end":{"line":13,"column":2}},"4":{"start":{"line":15,"column":22},"end":{"line":15,"column":74}},"5":{"start":{"line":16,"column":0},"end":{"line":16,"column":31}}},"fnMap":{},"branchMap":{},"s":{"0":5,"1":5,"2":5,"3":5,"4":5,"5":5},"f":{},"b":{},"_coverageSchema":"1a1c01bbd47fc00a2c39e90264f33305004495a9","hash":"18ec0df5a1633f716529cf4274c50410446604ea"}
,"C:\\Users\\Giulio\\Desktop\\ing software\\doc\\Documentazione_D4\\JustCook\\routes\\account.js": {"path":"C:\\Users\\Giulio\\Desktop\\ing software\\doc\\Documentazione_D4\\JustCook\\routes\\account.js","statementMap":{"0":{"start":{"line":1,"column":16},"end":{"line":1,"column":34}},"1":{"start":{"line":2,"column":15},"end":{"line":2,"column":31}},"2":{"start":{"line":3,"column":26},"end":{"line":3,"column":59}},"3":{"start":{"line":5,"column":0},"end":{"line":5,"column":76}},"4":{"start":{"line":6,"column":0},"end":{"line":6,"column":72}},"5":{"start":{"line":7,"column":0},"end":{"line":7,"column":66}},"6":{"start":{"line":8,"column":0},"end":{"line":8,"column":81}},"7":{"start":{"line":9,"column":0},"end":{"line":9,"column":68}},"8":{"start":{"line":10,"column":0},"end":{"line":10,"column":66}},"9":{"start":{"line":11,"column":0},"end":{"line":11,"column":84}},"10":{"start":{"line":13,"column":0},"end":{"line":13,"column":24}}},"fnMap":{},"branchMap":{},"s":{"0":5,"1":5,"2":5,"3":5,"4":5,"5":5,"6":5,"7":5,"8":5,"9":5,"10":5},"f":{},"b":{},"_coverageSchema":"1a1c01bbd47fc00a2c39e90264f33305004495a9","hash":"d1fe3861bc2bc599e4c15ea32d74b19198fc549e"}
,"C:\\Users\\Giulio\\Desktop\\ing software\\doc\\Documentazione_D4\\JustCook\\routes\\authentication.js": {"path":"C:\\Users\\Giulio\\Desktop\\ing software\\doc\\Documentazione_D4\\JustCook\\routes\\authentication.js","statementMap":{"0":{"start":{"line":1,"column":16},"end":{"line":1,"column":34}},"1":{"start":{"line":2,"column":15},"end":{"line":2,"column":31}},"2":{"start":{"line":3,"column":34},"end":{"line":3,"column":74}},"3":{"start":{"line":4,"column":15},"end":{"line":4,"column":32}},"4":{"start":{"line":5,"column":15},"end":{"line":5,"column":23}},"5":{"start":{"line":12,"column":0},"end":{"line":12,"column":55}},"6":{"start":{"line":14,"column":0},"end":{"line":14,"column":24}}},"fnMap":{},"branchMap":{},"s":{"0":5,"1":5,"2":5,"3":5,"4":5,"5":5,"6":5},"f":{},"b":{},"_coverageSchema":"1a1c01bbd47fc00a2c39e90264f33305004495a9","hash":"5b428f5d17264f4994c357e7f317dfc8678cd243"}
,"C:\\Users\\Giulio\\Desktop\\ing software\\doc\\Documentazione_D4\\JustCook\\routes\\dispensa.js": {"path":"C:\\Users\\Giulio\\Desktop\\ing software\\doc\\Documentazione_D4\\JustCook\\routes\\dispensa.js","statementMap":{"0":{"start":{"line":1,"column":16},"end":{"line":1,"column":34}},"1":{"start":{"line":2,"column":15},"end":{"line":2,"column":31}},"2":{"start":{"line":3,"column":27},"end":{"line":3,"column":61}},"3":{"start":{"line":4,"column":15},"end":{"line":4,"column":32}},"4":{"start":{"line":5,"column":15},"end":{"line":5,"column":23}},"5":{"start":{"line":14,"column":0},"end":{"line":14,"column":73}},"6":{"start":{"line":15,"column":0},"end":{"line":15,"column":62}},"7":{"start":{"line":18,"column":0},"end":{"line":18,"column":86}},"8":{"start":{"line":19,"column":0},"end":{"line":19,"column":80}},"9":{"start":{"line":20,"column":0},"end":{"line":20,"column":85}},"10":{"start":{"line":22,"column":0},"end":{"line":22,"column":24}}},"fnMap":{},"branchMap":{},"s":{"0":5,"1":5,"2":5,"3":5,"4":5,"5":5,"6":5,"7":5,"8":5,"9":5,"10":5},"f":{},"b":{},"_coverageSchema":"1a1c01bbd47fc00a2c39e90264f33305004495a9","hash":"c9d95e7430db69f837f9a490ea18a921adba6b1a"}
,"C:\\Users\\Giulio\\Desktop\\ing software\\doc\\Documentazione_D4\\JustCook\\routes\\ingrediente.js": {"path":"C:\\Users\\Giulio\\Desktop\\ing software\\doc\\Documentazione_D4\\JustCook\\routes\\ingrediente.js","statementMap":{"0":{"start":{"line":1,"column":16},"end":{"line":1,"column":34}},"1":{"start":{"line":2,"column":15},"end":{"line":2,"column":31}},"2":{"start":{"line":3,"column":30},"end":{"line":3,"column":67}},"3":{"start":{"line":4,"column":15},"end":{"line":4,"column":32}},"4":{"start":{"line":5,"column":15},"end":{"line":5,"column":23}},"5":{"start":{"line":16,"column":0},"end":{"line":16,"column":86}},"6":{"start":{"line":17,"column":0},"end":{"line":17,"column":73}},"7":{"start":{"line":18,"column":0},"end":{"line":18,"column":78}},"8":{"start":{"line":19,"column":0},"end":{"line":19,"column":76}},"9":{"start":{"line":21,"column":0},"end":{"line":21,"column":24}}},"fnMap":{},"branchMap":{},"s":{"0":5,"1":5,"2":5,"3":5,"4":5,"5":5,"6":5,"7":5,"8":5,"9":5},"f":{},"b":{},"_coverageSchema":"1a1c01bbd47fc00a2c39e90264f33305004495a9","hash":"33f02e46ec016de53253ac43776c542345de3fd1"}
,"C:\\Users\\Giulio\\Desktop\\ing software\\doc\\Documentazione_D4\\JustCook\\routes\\ricetta.js": {"path":"C:\\Users\\Giulio\\Desktop\\ing software\\doc\\Documentazione_D4\\JustCook\\routes\\ricetta.js","statementMap":{"0":{"start":{"line":1,"column":16},"end":{"line":1,"column":34}},"1":{"start":{"line":2,"column":15},"end":{"line":2,"column":31}},"2":{"start":{"line":3,"column":26},"end":{"line":3,"column":59}},"3":{"start":{"line":4,"column":15},"end":{"line":4,"column":32}},"4":{"start":{"line":5,"column":15},"end":{"line":5,"column":23}},"5":{"start":{"line":14,"column":0},"end":{"line":14,"column":79}},"6":{"start":{"line":15,"column":0},"end":{"line":15,"column":67}},"7":{"start":{"line":17,"column":0},"end":{"line":17,"column":24}}},"fnMap":{},"branchMap":{},"s":{"0":5,"1":5,"2":5,"3":5,"4":5,"5":5,"6":5,"7":5},"f":{},"b":{},"_coverageSchema":"1a1c01bbd47fc00a2c39e90264f33305004495a9","hash":"f247a9cc67249a72e6070bbd67411ac2af49d646"}
,"C:\\Users\\Giulio\\Desktop\\ing software\\doc\\Documentazione_D4\\JustCook\\routes\\ricettaEstesa.js": {"path":"C:\\Users\\Giulio\\Desktop\\ing software\\doc\\Documentazione_D4\\JustCook\\routes\\ricettaEstesa.js","statementMap":{"0":{"start":{"line":1,"column":16},"end":{"line":1,"column":34}},"1":{"start":{"line":2,"column":15},"end":{"line":2,"column":31}},"2":{"start":{"line":3,"column":32},"end":{"line":3,"column":71}},"3":{"start":{"line":6,"column":0},"end":{"line":6,"column":73}},"4":{"start":{"line":7,"column":0},"end":{"line":7,"column":77}},"5":{"start":{"line":10,"column":0},"end":{"line":10,"column":24}}},"fnMap":{},"branchMap":{},"s":{"0":5,"1":5,"2":5,"3":5,"4":5,"5":5},"f":{},"b":{},"_coverageSchema":"1a1c01bbd47fc00a2c39e90264f33305004495a9","hash":"d2819fbcc83bd0e8af51c5391f34b426769a9a8e"}
}
