TN:
SF:app.js
FNF:0
FNH:0
DA:1,5
DA:2,5
DA:3,5
DA:5,5
DA:6,5
DA:7,5
DA:11,5
DA:12,5
DA:13,5
DA:14,5
DA:15,5
DA:16,5
DA:19,5
DA:20,5
DA:23,5
DA:25,5
DA:26,5
DA:29,5
DA:30,5
DA:31,5
DA:32,5
DA:33,5
DA:34,5
DA:36,5
DA:39,5
LF:25
LH:25
BRF:0
BRH:0
end_of_record
TN:
SF:controllers\account.js
FN:8,(anonymous_0)
FN:16,(anonymous_1)
FN:30,(anonymous_2)
FN:39,(anonymous_3)
FN:69,(anonymous_4)
FN:81,(anonymous_5)
FN:100,(anonymous_6)
FN:149,(anonymous_7)
FN:161,(anonymous_8)
FN:188,(anonymous_9)
FN:196,(anonymous_10)
FN:208,(anonymous_11)
FN:226,(anonymous_12)
FN:237,(anonymous_13)
FN:251,(anonymous_14)
FN:257,(anonymous_15)
FN:283,(anonymous_16)
FN:289,(anonymous_17)
FN:295,(anonymous_18)
FN:319,(anonymous_19)
FN:322,(anonymous_20)
FN:332,(anonymous_21)
FN:343,(anonymous_22)
FN:346,(anonymous_23)
FNF:24
FNH:17
FNDA:1,(anonymous_0)
FNDA:1,(anonymous_1)
FNDA:1,(anonymous_2)
FNDA:1,(anonymous_3)
FNDA:1,(anonymous_4)
FNDA:1,(anonymous_5)
FNDA:0,(anonymous_6)
FNDA:0,(anonymous_7)
FNDA:0,(anonymous_8)
FNDA:1,(anonymous_9)
FNDA:1,(anonymous_10)
FNDA:1,(anonymous_11)
FNDA:1,(anonymous_12)
FNDA:1,(anonymous_13)
FNDA:1,(anonymous_14)
FNDA:0,(anonymous_15)
FNDA:0,(anonymous_16)
FNDA:0,(anonymous_17)
FNDA:0,(anonymous_18)
FNDA:1,(anonymous_19)
FNDA:1,(anonymous_20)
FNDA:1,(anonymous_21)
FNDA:1,(anonymous_22)
FNDA:1,(anonymous_23)
DA:1,5
DA:2,5
DA:3,5
DA:4,5
DA:5,5
DA:8,5
DA:10,1
DA:11,1
DA:12,1
DA:15,1
DA:18,1
DA:19,0
DA:20,0
DA:22,1
DA:23,0
DA:26,1
DA:29,1
DA:31,1
DA:32,0
DA:33,0
DA:35,1
DA:37,1
DA:40,1
DA:41,0
DA:42,0
DA:44,1
DA:51,0
DA:69,5
DA:71,1
DA:72,1
DA:73,1
DA:76,1
DA:82,1
DA:83,0
DA:84,0
DA:86,1
DA:87,1
DA:90,0
DA:91,0
DA:94,0
DA:103,0
DA:104,0
DA:105,0
DA:107,0
DA:113,0
DA:114,0
DA:115,0
DA:116,0
DA:118,0
DA:119,0
DA:120,0
DA:121,0
DA:122,0
DA:123,0
DA:125,0
DA:127,0
DA:129,0
DA:132,0
DA:133,0
DA:136,0
DA:137,0
DA:138,0
DA:139,0
DA:145,0
DA:147,0
DA:150,0
DA:151,0
DA:152,0
DA:154,0
DA:155,0
DA:158,0
DA:162,0
DA:163,0
DA:164,0
DA:166,0
DA:175,0
DA:188,5
DA:190,1
DA:191,1
DA:192,1
DA:195,1
DA:198,1
DA:199,0
DA:200,0
DA:202,1
DA:203,1
DA:204,0
DA:206,1
DA:207,1
DA:209,1
DA:210,1
DA:211,0
DA:212,0
DA:214,1
DA:226,5
DA:227,1
DA:228,1
DA:229,1
DA:230,1
DA:232,1
DA:233,0
DA:236,1
DA:238,1
DA:239,0
DA:241,1
DA:243,0
DA:247,1
DA:248,1
DA:249,1
DA:252,1
DA:253,0
DA:255,1
DA:256,0
DA:258,0
DA:259,0
DA:260,0
DA:261,0
DA:263,0
DA:269,1
DA:283,5
DA:284,0
DA:285,0
DA:286,0
DA:288,0
DA:290,0
DA:291,0
DA:293,0
DA:294,0
DA:296,0
DA:297,0
DA:299,0
DA:301,0
DA:302,0
DA:303,0
DA:304,0
DA:308,0
DA:319,5
DA:320,1
DA:321,1
DA:322,1
DA:323,1
DA:324,1
DA:332,5
DA:334,1
DA:335,1
DA:337,1
DA:339,1
DA:341,1
DA:343,1
DA:344,1
DA:345,1
DA:346,1
DA:347,1
DA:348,1
DA:354,5
LF:155
LH:75
BRDA:18,0,0,0
BRDA:18,0,1,1
BRDA:22,1,0,0
BRDA:22,1,1,1
BRDA:31,2,0,0
BRDA:31,2,1,1
BRDA:35,3,0,1
BRDA:35,3,1,0
BRDA:40,4,0,0
BRDA:40,4,1,1
BRDA:82,5,0,0
BRDA:82,5,1,1
BRDA:86,6,0,1
BRDA:86,6,1,0
BRDA:103,7,0,0
BRDA:103,7,1,0
BRDA:118,8,0,0
BRDA:118,8,1,0
BRDA:121,9,0,0
BRDA:121,9,1,0
BRDA:122,10,0,0
BRDA:122,10,1,0
BRDA:127,11,0,0
BRDA:127,11,1,0
BRDA:132,12,0,0
BRDA:132,12,1,0
BRDA:137,13,0,0
BRDA:137,13,1,0
BRDA:145,14,0,0
BRDA:145,14,1,0
BRDA:150,15,0,0
BRDA:150,15,1,0
BRDA:154,16,0,0
BRDA:154,16,1,0
BRDA:162,17,0,0
BRDA:162,17,1,0
BRDA:198,18,0,0
BRDA:198,18,1,1
BRDA:203,19,0,0
BRDA:203,19,1,1
BRDA:210,20,0,0
BRDA:210,20,1,1
BRDA:232,21,0,0
BRDA:232,21,1,1
BRDA:232,22,0,1
BRDA:232,22,1,1
BRDA:232,22,2,1
BRDA:238,23,0,0
BRDA:238,23,1,1
BRDA:241,24,0,0
BRDA:241,24,1,1
BRDA:252,25,0,0
BRDA:252,25,1,1
BRDA:255,26,0,0
BRDA:255,26,1,1
BRDA:259,27,0,0
BRDA:259,27,1,0
BRDA:290,28,0,0
BRDA:290,28,1,0
BRDA:296,29,0,0
BRDA:296,29,1,0
BRDA:296,30,0,0
BRDA:296,30,1,0
BRDA:301,31,0,0
BRDA:301,31,1,0
BRDA:302,32,0,0
BRDA:302,32,1,0
BRDA:321,33,0,0
BRDA:321,33,1,1
BRDA:323,34,0,0
BRDA:323,34,1,1
BRDA:323,35,0,1
BRDA:323,35,1,1
BRDA:337,36,0,0
BRDA:337,36,1,1
BRDA:341,37,0,0
BRDA:341,37,1,1
BRDA:344,38,0,0
BRDA:344,38,1,1
BRDA:347,39,0,0
BRDA:347,39,1,1
BRF:81
BRH:26
end_of_record
TN:
SF:controllers\authentication.js
FN:8,(anonymous_0)
FNF:1
FNH:1
FNDA:1,(anonymous_0)
DA:1,5
DA:2,5
DA:3,5
DA:5,5
DA:8,5
DA:9,1
DA:10,1
DA:11,1
DA:12,1
DA:13,0
DA:14,1
DA:17,5
LF:12
LH:11
BRDA:12,0,0,0
BRDA:12,0,1,1
BRDA:12,1,0,1
BRDA:12,1,1,1
BRF:4
BRH:3
end_of_record
TN:
SF:controllers\dispensa.js
FN:10,(anonymous_0)
FN:12,(anonymous_1)
FN:14,(anonymous_2)
FN:21,(anonymous_3)
FN:30,(anonymous_4)
FN:32,(anonymous_5)
FN:34,(anonymous_6)
FN:45,(anonymous_7)
FN:49,(anonymous_8)
FN:51,(anonymous_9)
FN:63,(anonymous_10)
FN:75,(anonymous_11)
FN:79,(anonymous_12)
FN:81,(anonymous_13)
FN:85,(anonymous_14)
FN:94,(anonymous_15)
FN:98,(anonymous_16)
FN:100,(anonymous_17)
FN:105,(anonymous_18)
FNF:19
FNH:14
FNDA:1,(anonymous_0)
FNDA:1,(anonymous_1)
FNDA:1,(anonymous_2)
FNDA:0,(anonymous_3)
FNDA:1,(anonymous_4)
FNDA:1,(anonymous_5)
FNDA:1,(anonymous_6)
FNDA:1,(anonymous_7)
FNDA:1,(anonymous_8)
FNDA:1,(anonymous_9)
FNDA:1,(anonymous_10)
FNDA:0,(anonymous_11)
FNDA:0,(anonymous_12)
FNDA:0,(anonymous_13)
FNDA:0,(anonymous_14)
FNDA:1,(anonymous_15)
FNDA:1,(anonymous_16)
FNDA:1,(anonymous_17)
FNDA:1,(anonymous_18)
DA:1,5
DA:2,5
DA:3,5
DA:4,5
DA:5,5
DA:6,5
DA:7,5
DA:10,5
DA:11,1
DA:12,1
DA:13,1
DA:14,1
DA:15,1
DA:16,0
DA:21,0
DA:22,0
DA:23,0
DA:30,5
DA:31,1
DA:32,1
DA:33,1
DA:34,1
DA:35,1
DA:36,1
DA:45,5
DA:46,1
DA:47,1
DA:49,1
DA:50,1
DA:51,1
DA:52,1
DA:53,1
DA:54,1
DA:55,1
DA:56,1
DA:59,0
DA:61,0
DA:63,1
DA:64,1
DA:65,1
DA:75,5
DA:76,0
DA:77,0
DA:78,0
DA:79,0
DA:80,0
DA:81,0
DA:82,0
DA:83,0
DA:84,0
DA:85,0
DA:86,0
DA:87,0
DA:94,5
DA:95,1
DA:96,1
DA:97,1
DA:98,1
DA:99,1
DA:100,1
DA:101,1
DA:102,1
DA:103,1
DA:104,1
DA:105,1
DA:106,1
DA:107,1
DA:113,5
LF:68
LH:50
BRDA:13,0,0,0
BRDA:13,0,1,1
BRDA:13,1,0,1
BRDA:13,1,1,1
BRDA:15,2,0,1
BRDA:15,2,1,0
BRDA:15,3,0,1
BRDA:15,3,1,0
BRDA:22,4,0,0
BRDA:22,4,1,0
BRDA:33,5,0,0
BRDA:33,5,1,1
BRDA:33,6,0,1
BRDA:33,6,1,1
BRDA:35,7,0,0
BRDA:35,7,1,1
BRDA:35,8,0,1
BRDA:35,8,1,1
BRDA:50,9,0,0
BRDA:50,9,1,1
BRDA:50,10,0,1
BRDA:50,10,1,1
BRDA:52,11,0,0
BRDA:52,11,1,1
BRDA:52,12,0,1
BRDA:52,12,1,1
BRDA:54,13,0,1
BRDA:54,13,1,0
BRDA:64,14,0,0
BRDA:64,14,1,1
BRDA:80,15,0,0
BRDA:80,15,1,0
BRDA:80,16,0,0
BRDA:80,16,1,0
BRDA:82,17,0,0
BRDA:82,17,1,0
BRDA:82,18,0,0
BRDA:82,18,1,0
BRDA:86,19,0,0
BRDA:86,19,1,0
BRDA:99,20,0,0
BRDA:99,20,1,1
BRDA:99,21,0,1
BRDA:99,21,1,1
BRDA:101,22,0,0
BRDA:101,22,1,1
BRDA:101,23,0,1
BRDA:101,23,1,1
BRDA:106,24,0,0
BRDA:106,24,1,1
BRF:50
BRH:26
end_of_record
TN:
SF:controllers\ingrediente.js
FN:4,(anonymous_0)
FN:6,(anonymous_1)
FN:12,(anonymous_2)
FN:20,(anonymous_3)
FN:22,(anonymous_4)
FN:29,(anonymous_5)
FN:31,(anonymous_6)
FN:40,(anonymous_7)
FN:42,(anonymous_8)
FN:44,(anonymous_9)
FNF:10
FNH:4
FNDA:0,(anonymous_0)
FNDA:0,(anonymous_1)
FNDA:0,(anonymous_2)
FNDA:1,(anonymous_3)
FNDA:1,(anonymous_4)
FNDA:1,(anonymous_5)
FNDA:1,(anonymous_6)
FNDA:0,(anonymous_7)
FNDA:0,(anonymous_8)
FNDA:0,(anonymous_9)
DA:1,5
DA:4,5
DA:6,0
DA:7,0
DA:8,0
DA:12,0
DA:13,0
DA:14,0
DA:20,5
DA:21,1
DA:22,1
DA:23,1
DA:24,1
DA:29,5
DA:30,1
DA:31,1
DA:32,1
DA:33,1
DA:40,5
DA:41,0
DA:42,0
DA:43,0
DA:44,0
DA:45,0
DA:46,0
DA:52,5
LF:26
LH:14
BRDA:7,0,0,0
BRDA:7,0,1,0
BRDA:13,1,0,0
BRDA:13,1,1,0
BRDA:23,2,0,0
BRDA:23,2,1,1
BRDA:23,3,0,1
BRDA:23,3,1,1
BRDA:32,4,0,0
BRDA:32,4,1,1
BRDA:32,5,0,1
BRDA:32,5,1,1
BRDA:43,6,0,0
BRDA:43,6,1,0
BRDA:43,7,0,0
BRDA:43,7,1,0
BRDA:45,8,0,0
BRDA:45,8,1,0
BRF:18
BRH:6
end_of_record
TN:
SF:controllers\ricetta.js
FN:6,(anonymous_0)
FN:7,(anonymous_1)
FN:21,(anonymous_2)
FN:31,(anonymous_3)
FN:34,(anonymous_4)
FNF:5
FNH:2
FNDA:0,(anonymous_0)
FNDA:0,(anonymous_1)
FNDA:0,(anonymous_2)
FNDA:1,(anonymous_3)
FNDA:1,(anonymous_4)
DA:1,5
DA:6,5
DA:7,0
DA:8,0
DA:10,0
DA:21,0
DA:22,0
DA:23,0
DA:31,5
DA:32,1
DA:33,1
DA:34,1
DA:35,1
DA:36,1
DA:41,5
LF:15
LH:9
BRDA:8,0,0,0
BRDA:8,0,1,0
BRDA:22,1,0,0
BRDA:22,1,1,0
BRDA:35,2,0,0
BRDA:35,2,1,1
BRDA:35,3,0,1
BRDA:35,3,1,1
BRF:8
BRH:3
end_of_record
TN:
SF:controllers\ricettaEstesa.js
FN:7,(anonymous_0)
FN:62,(anonymous_1)
FN:79,(anonymous_2)
FN:93,(anonymous_3)
FNF:4
FNH:0
FNDA:0,(anonymous_0)
FNDA:0,(anonymous_1)
FNDA:0,(anonymous_2)
FNDA:0,(anonymous_3)
DA:1,5
DA:7,5
DA:13,0
DA:14,0
DA:16,0
DA:17,0
DA:18,0
DA:22,0
DA:23,0
DA:25,0
DA:26,0
DA:27,0
DA:30,0
DA:31,0
DA:33,0
DA:35,0
DA:36,0
DA:40,0
DA:41,0
DA:42,0
DA:44,0
DA:45,0
DA:46,0
DA:48,0
DA:52,0
DA:63,0
DA:64,0
DA:65,0
DA:67,0
DA:68,0
DA:79,5
DA:82,0
DA:84,0
DA:94,0
DA:95,0
DA:96,0
DA:98,0
DA:107,5
LF:38
LH:4
BRDA:13,0,0,0
BRDA:13,0,1,0
BRDA:17,1,0,0
BRDA:17,1,1,0
BRDA:22,2,0,0
BRDA:22,2,1,0
BRDA:26,3,0,0
BRDA:26,3,1,0
BRDA:33,4,0,0
BRDA:33,4,1,0
BRDA:45,5,0,0
BRDA:45,5,1,0
BRDA:63,6,0,0
BRDA:63,6,1,0
BRDA:94,7,0,0
BRDA:94,7,1,0
BRF:16
BRH:0
end_of_record
TN:
SF:controllers\tokenChecker.js
FN:3,(anonymous_0)
FN:16,(anonymous_1)
FNF:2
FNH:0
FNDA:0,(anonymous_0)
FNDA:0,(anonymous_1)
DA:1,5
DA:3,5
DA:5,0
DA:8,0
DA:9,0
DA:16,0
DA:17,0
DA:18,0
DA:24,0
DA:25,0
DA:31,5
LF:11
LH:3
BRDA:5,0,0,0
BRDA:5,0,1,0
BRDA:5,0,2,0
BRDA:8,1,0,0
BRDA:8,1,1,0
BRDA:17,2,0,0
BRDA:17,2,1,0
BRF:7
BRH:0
end_of_record
TN:
SF:models\account.js
FNF:0
FNH:0
DA:1,5
DA:2,5
DA:5,5
DA:16,5
DA:17,5
LF:5
LH:5
BRF:0
BRH:0
end_of_record
TN:
SF:models\dispensa.js
FNF:0
FNH:0
DA:1,5
DA:2,5
DA:5,5
DA:11,5
DA:12,5
LF:5
LH:5
BRF:0
BRH:0
end_of_record
TN:
SF:models\ingrediente.js
FNF:0
FNH:0
DA:1,5
DA:3,5
DA:8,5
DA:9,5
LF:4
LH:4
BRF:0
BRH:0
end_of_record
TN:
SF:models\ricetta.js
FNF:0
FNH:0
DA:1,5
DA:3,5
DA:13,5
DA:14,5
LF:4
LH:4
BRF:0
BRH:0
end_of_record
TN:
SF:models\ricettaEstesa.js
FNF:0
FNH:0
DA:1,5
DA:2,5
DA:3,5
DA:5,5
DA:15,5
DA:16,5
LF:6
LH:6
BRF:0
BRH:0
end_of_record
TN:
SF:routes\account.js
FNF:0
FNH:0
DA:1,5
DA:2,5
DA:3,5
DA:5,5
DA:6,5
DA:7,5
DA:8,5
DA:9,5
DA:10,5
DA:11,5
DA:13,5
LF:11
LH:11
BRF:0
BRH:0
end_of_record
TN:
SF:routes\authentication.js
FNF:0
FNH:0
DA:1,5
DA:2,5
DA:3,5
DA:4,5
DA:5,5
DA:12,5
DA:14,5
LF:7
LH:7
BRF:0
BRH:0
end_of_record
TN:
SF:routes\dispensa.js
FNF:0
FNH:0
DA:1,5
DA:2,5
DA:3,5
DA:4,5
DA:5,5
DA:14,5
DA:15,5
DA:18,5
DA:19,5
DA:20,5
DA:22,5
LF:11
LH:11
BRF:0
BRH:0
end_of_record
TN:
SF:routes\ingrediente.js
FNF:0
FNH:0
DA:1,5
DA:2,5
DA:3,5
DA:4,5
DA:5,5
DA:16,5
DA:17,5
DA:18,5
DA:19,5
DA:21,5
LF:10
LH:10
BRF:0
BRH:0
end_of_record
TN:
SF:routes\ricetta.js
FNF:0
FNH:0
DA:1,5
DA:2,5
DA:3,5
DA:4,5
DA:5,5
DA:14,5
DA:15,5
DA:17,5
LF:8
LH:8
BRF:0
BRH:0
end_of_record
TN:
SF:routes\ricettaEstesa.js
FNF:0
FNH:0
DA:1,5
DA:2,5
DA:3,5
DA:6,5
DA:7,5
DA:10,5
LF:6
LH:6
BRF:0
BRH:0
end_of_record
